
> rest-express@1.0.0 dev
> npm run kill-port && PORT=3000 NODE_ENV=development tsx server/index.ts


> rest-express@1.0.0 kill-port
> lsof -ti:3000 | xargs kill -9 2>/dev/null || true

[dotenv@17.2.3] injecting env (59) from .env -- tip: âœ… audit secrets and track compliance: https://dotenvx.com/ops
Generated 1000 mock agent runs
Generated 100 mock agent executions
[dotenv@17.2.3] injecting env (0) from .env -- tip: ðŸ”„ add secrets lifecycle management: https://dotenvx.com/ops
(node:65740) TimeoutNegativeWarning: -1762182051556 is a negative number.
Timeout duration was set to 1.
(Use `node --trace-warnings ...` to show where the warning was created)
Kafka consumer connected
[EventConsumer] Error during preloadFromDatabase: error: relation "agent_actions" does not exist
    at /Volumes/PRO-G40/Code/omnidash/node_modules/pg-pool/index.js:45:11
    at process.processTicksAndRejections (node:internal/process/task_queues:105:5)
    at async EventConsumer.preloadFromDatabase (/Volumes/PRO-G40/Code/omnidash/server/event-consumer.ts:195:29)
    at async EventConsumer.start (/Volumes/PRO-G40/Code/omnidash/server/event-consumer.ts:135:11)
    at async <anonymous> (/Volumes/PRO-G40/Code/omnidash/server/index.ts:79:5) {
  length: 113,
  severity: 'ERROR',
  code: '42P01',
  detail: undefined,
  hint: undefined,
  position: '140',
  internalPosition: undefined,
  internalQuery: undefined,
  where: undefined,
  schema: undefined,
  table: undefined,
  column: undefined,
  dataType: undefined,
  constraint: undefined,
  file: 'parse_relation.c',
  line: '1392',
  routine: 'parserOpenTable'
}
[EventConsumer] Preloaded historical data from PostgreSQL
{"level":"INFO","timestamp":"2025-11-03T15:00:51.662Z","logger":"kafkajs","message":"[Consumer] Starting","groupId":"omnidash-consumers-v2"}
{"level":"INFO","timestamp":"2025-11-03T15:00:51.868Z","logger":"kafkajs","message":"[ConsumerGroup] Consumer has joined the group","groupId":"omnidash-consumers-v2","memberId":"omnidash-event-consumer-b31c2789-b379-43d7-87ae-f3fd4956d39b","leaderId":"omnidash-event-consumer-b31c2789-b379-43d7-87ae-f3fd4956d39b","isLeader":true,"memberAssignment":{"agent-routing-decisions":[0],"agent-transformation-events":[0],"router-performance-metrics":[0],"agent-actions":[0]},"groupProtocol":"RoundRobinAssigner","duration":205}
Event consumer started successfully
10:00:51 AM [express] Event consumer started successfully
Initializing WebSocket server...
WebSocket server initialized at /ws
10:00:51 AM [express] serving on port 3000
10:01:07 AM [express] GET /api/intelligence/code/compliance 200 in 72ms :: {"summary":{"totalFiles":0â€¦
10:01:12 AM [express] GET /api/intelligence/patterns/summary 200 in 79ms :: {"total_patterns":1061,"lâ€¦
Error calculating error rate: error: relation "agent_actions" does not exist
    at /Volumes/PRO-G40/Code/omnidash/node_modules/pg-pool/index.js:45:11
    at process.processTicksAndRejections (node:internal/process/task_queues:105:5)
    at async <anonymous> (/Volumes/PRO-G40/Code/omnidash/node_modules/src/node-postgres/session.ts:104:19)
    at async getErrorRate (/Volumes/PRO-G40/Code/omnidash/server/alert-helpers.ts:20:22)
    at async <anonymous> (/Volumes/PRO-G40/Code/omnidash/server/alert-routes.ts:88:23) {
  length: 113,
  severity: 'ERROR',
  code: '42P01',
  detail: undefined,
  hint: undefined,
  position: '125',
  internalPosition: undefined,
  internalQuery: undefined,
  where: undefined,
  schema: undefined,
  table: undefined,
  column: undefined,
  dataType: undefined,
  constraint: undefined,
  file: 'parse_relation.c',
  line: '1392',
  routine: 'parserOpenTable'
}
Error calculating manifest injection success rate: error: relation "agent_manifest_injections" does not exist
    at /Volumes/PRO-G40/Code/omnidash/node_modules/pg-pool/index.js:45:11
    at process.processTicksAndRejections (node:internal/process/task_queues:105:5)
    at async <anonymous> (/Volumes/PRO-G40/Code/omnidash/node_modules/src/node-postgres/session.ts:104:19)
    at async getManifestInjectionSuccessRate (/Volumes/PRO-G40/Code/omnidash/server/alert-helpers.ts:52:22)
    at async <anonymous> (/Volumes/PRO-G40/Code/omnidash/server/alert-routes.ts:104:34) {
  length: 125,
  severity: 'ERROR',
  code: '42P01',
  detail: undefined,
  hint: undefined,
  position: '134',
  internalPosition: undefined,
  internalQuery: undefined,
  where: undefined,
  schema: undefined,
  table: undefined,
  column: undefined,
  dataType: undefined,
  constraint: undefined,
  file: 'parse_relation.c',
  line: '1392',
  routine: 'parserOpenTable'
}
Error calculating average response time: error: relation "agent_routing_decisions" does not exist
    at /Volumes/PRO-G40/Code/omnidash/node_modules/pg-pool/index.js:45:11
    at process.processTicksAndRejections (node:internal/process/task_queues:105:5)
    at async <anonymous> (/Volumes/PRO-G40/Code/omnidash/node_modules/src/node-postgres/session.ts:104:19)
    at async getAvgResponseTime (/Volumes/PRO-G40/Code/omnidash/server/alert-helpers.ts:86:22)
    at async <anonymous> (/Volumes/PRO-G40/Code/omnidash/server/alert-routes.ts:120:29) {
  length: 122,
  severity: 'ERROR',
  code: '42P01',
  detail: undefined,
  hint: undefined,
  position: '48',
  internalPosition: undefined,
  internalQuery: undefined,
  where: undefined,
  schema: undefined,
  table: undefined,
  column: undefined,
  dataType: undefined,
  constraint: undefined,
  file: 'parse_relation.c',
  line: '1392',
  routine: 'parserOpenTable'
}
Error calculating success rate: error: relation "agent_routing_decisions" does not exist
    at /Volumes/PRO-G40/Code/omnidash/node_modules/pg-pool/index.js:45:11
    at process.processTicksAndRejections (node:internal/process/task_queues:105:5)
    at async <anonymous> (/Volumes/PRO-G40/Code/omnidash/node_modules/src/node-postgres/session.ts:104:19)
    at async getSuccessRate (/Volumes/PRO-G40/Code/omnidash/server/alert-helpers.ts:113:22)
    at async <anonymous> (/Volumes/PRO-G40/Code/omnidash/server/alert-routes.ts:130:25) {
  length: 123,
  severity: 'ERROR',
  code: '42P01',
  detail: undefined,
  hint: undefined,
  position: '130',
  internalPosition: undefined,
  internalQuery: undefined,
  where: undefined,
  schema: undefined,
  table: undefined,
  column: undefined,
  dataType: undefined,
  constraint: undefined,
  file: 'parse_relation.c',
  line: '1392',
  routine: 'parserOpenTable'
}
10:01:13 AM [express] GET /api/intelligence/alerts/active 200 in 385ms :: {"alerts":[{"level":"criticâ€¦
{"level":"INFO","timestamp":"2025-11-03T15:01:17.178Z","logger":"kafkajs","message":"[Consumer] Starting","groupId":"omnidash-intel-a3e68271"}
{"level":"INFO","timestamp":"2025-11-03T15:01:17.252Z","logger":"kafkajs","message":"[ConsumerGroup] Consumer has joined the group","groupId":"omnidash-intel-a3e68271","memberId":"omnidash-intelligence-adapter-945b176e-d2d2-4b80-ac46-59e598e114ff","leaderId":"omnidash-intelligence-adapter-945b176e-d2d2-4b80-ac46-59e598e114ff","isLeader":true,"memberAssignment":{"dev.archon-intelligence.intelligence.code-analysis-completed.v1":[0],"dev.archon-intelligence.intelligence.code-analysis-failed.v1":[0]},"groupProtocol":"RoundRobinAssigner","duration":74}
10:01:17 AM [express] GET /api/intelligence/analysis/patterns 200 in 257ms :: {"patterns":[],"meta":{â€¦
10:01:19 AM [express] GET /api/intelligence/patterns/by-language 200 in 92ms :: [{"language":"python"â€¦
10:01:19 AM [express] GET /api/intelligence/patterns/trends 200 in 85ms :: [{"period":"2025-11-03 14:â€¦
10:01:20 AM [express] GET /api/intelligence/patterns/trends 200 in 35ms :: [{"period":"2025-11-03 14:â€¦
Error fetching pattern list: TypeError: Cannot convert undefined or null to object
    at Function.entries (<anonymous>)
    at orderSelectedFields (/Volumes/PRO-G40/Code/omnidash/node_modules/src/utils.ts:77:16)
    at <anonymous> (/Volumes/PRO-G40/Code/omnidash/node_modules/src/utils.ts:88:19)
    at Array.reduce (<anonymous>)
    at orderSelectedFields (/Volumes/PRO-G40/Code/omnidash/node_modules/src/utils.ts:77:32)
    at <anonymous> (/Volumes/PRO-G40/Code/omnidash/node_modules/src/pg-core/query-builders/select.ts:979:23)
    at Object.startActiveSpan (/Volumes/PRO-G40/Code/omnidash/node_modules/src/tracing.ts:27:11)
    at PgSelectBase._prepare (/Volumes/PRO-G40/Code/omnidash/node_modules/src/pg-core/query-builders/select.ts:978:17)
    at <anonymous> (/Volumes/PRO-G40/Code/omnidash/node_modules/src/pg-core/query-builders/select.ts:1009:16)
    at Object.startActiveSpan (/Volumes/PRO-G40/Code/omnidash/node_modules/src/tracing.ts:27:11)
10:01:21 AM [express] GET /api/intelligence/patterns/list 500 in 23ms :: {"error":"Failed to fetch paâ€¦
âš  Omniarchon has no data yet - returning empty array
10:01:21 AM [express] GET /api/intelligence/patterns/quality-trends 200 in 18ms :: []
10:01:21 AM [express] GET /api/intelligence/patterns/by-language 200 in 36ms :: [{"language":"python"â€¦
10:01:21 AM [express] GET /api/intelligence/patterns/summary 200 in 28ms :: {"total_patterns":1061,"lâ€¦
Error fetching pattern list: TypeError: Cannot convert undefined or null to object
    at Function.entries (<anonymous>)
    at orderSelectedFields (/Volumes/PRO-G40/Code/omnidash/node_modules/src/utils.ts:77:16)
    at <anonymous> (/Volumes/PRO-G40/Code/omnidash/node_modules/src/utils.ts:88:19)
    at Array.reduce (<anonymous>)
    at orderSelectedFields (/Volumes/PRO-G40/Code/omnidash/node_modules/src/utils.ts:77:32)
    at <anonymous> (/Volumes/PRO-G40/Code/omnidash/node_modules/src/pg-core/query-builders/select.ts:979:23)
    at Object.startActiveSpan (/Volumes/PRO-G40/Code/omnidash/node_modules/src/tracing.ts:27:11)
    at PgSelectBase._prepare (/Volumes/PRO-G40/Code/omnidash/node_modules/src/pg-core/query-builders/select.ts:978:17)
    at <anonymous> (/Volumes/PRO-G40/Code/omnidash/node_modules/src/pg-core/query-builders/select.ts:1009:16)
    at Object.startActiveSpan (/Volumes/PRO-G40/Code/omnidash/node_modules/src/tracing.ts:27:11)
10:01:21 AM [express] GET /api/intelligence/patterns/list 500 in 20ms :: {"error":"Failed to fetch paâ€¦
Browserslist: browsers data (caniuse-lite) is 13 months old. Please run:
  npx update-browserslist-db@latest
  Why you should do it regularly: https://github.com/browserslist/update-db#readme

A PostCSS plugin did not pass the `from` option to `postcss.parse`. This may cause imported assets to be incorrectly transformed. If you've recently added a PostCSS plugin that raised this warning, please contact the package author to fix the issue.
Error fetching pattern discovery: TypeError: Cannot convert undefined or null to object
    at Function.entries (<anonymous>)
    at orderSelectedFields (/Volumes/PRO-G40/Code/omnidash/node_modules/src/utils.ts:77:16)
    at <anonymous> (/Volumes/PRO-G40/Code/omnidash/node_modules/src/utils.ts:88:19)
    at Array.reduce (<anonymous>)
    at orderSelectedFields (/Volumes/PRO-G40/Code/omnidash/node_modules/src/utils.ts:77:32)
    at <anonymous> (/Volumes/PRO-G40/Code/omnidash/node_modules/src/pg-core/query-builders/select.ts:979:23)
    at Object.startActiveSpan (/Volumes/PRO-G40/Code/omnidash/node_modules/src/tracing.ts:27:11)
    at PgSelectBase._prepare (/Volumes/PRO-G40/Code/omnidash/node_modules/src/pg-core/query-builders/select.ts:978:17)
    at <anonymous> (/Volumes/PRO-G40/Code/omnidash/node_modules/src/pg-core/query-builders/select.ts:1009:16)
    at Object.startActiveSpan (/Volumes/PRO-G40/Code/omnidash/node_modules/src/tracing.ts:27:11)
    at PgSelectBase.execute (/Volumes/PRO-G40/Code/omnidash/node_modules/src/pg-core/query-builders/select.ts:1008:17)
    at PgSelectBase.then (/Volumes/PRO-G40/Code/omnidash/node_modules/src/query-promise.ts:31:15)
    at process.processTicksAndRejections (node:internal/process/task_queues:105:5)
10:01:34 AM [express] GET /api/intelligence/patterns/discovery 200 in 82ms :: [{"name":"OAuth Authentâ€¦
âš  Omniarchon has no data yet - returning empty array
10:01:41 AM [express] GET /api/intelligence/patterns/quality-trends 200 in 11ms :: []
Error calculating error rate: error: relation "agent_actions" does not exist
    at /Volumes/PRO-G40/Code/omnidash/node_modules/pg-pool/index.js:45:11
    at process.processTicksAndRejections (node:internal/process/task_queues:105:5)
    at async <anonymous> (/Volumes/PRO-G40/Code/omnidash/node_modules/src/node-postgres/session.ts:104:19)
    at async getErrorRate (/Volumes/PRO-G40/Code/omnidash/server/alert-helpers.ts:20:22)
    at async <anonymous> (/Volumes/PRO-G40/Code/omnidash/server/alert-routes.ts:88:23) {
  length: 113,
  severity: 'ERROR',
  code: '42P01',
  detail: undefined,
  hint: undefined,
  position: '125',
  internalPosition: undefined,
  internalQuery: undefined,
  where: undefined,
  schema: undefined,
  table: undefined,
  column: undefined,
  dataType: undefined,
  constraint: undefined,
  file: 'parse_relation.c',
  line: '1392',
  routine: 'parserOpenTable'
}
Error calculating manifest injection success rate: error: relation "agent_manifest_injections" does not exist
    at /Volumes/PRO-G40/Code/omnidash/node_modules/pg-pool/index.js:45:11
    at process.processTicksAndRejections (node:internal/process/task_queues:105:5)
    at async <anonymous> (/Volumes/PRO-G40/Code/omnidash/node_modules/src/node-postgres/session.ts:104:19)
    at async getManifestInjectionSuccessRate (/Volumes/PRO-G40/Code/omnidash/server/alert-helpers.ts:52:22)
    at async <anonymous> (/Volumes/PRO-G40/Code/omnidash/server/alert-routes.ts:104:34) {
  length: 125,
  severity: 'ERROR',
  code: '42P01',
  detail: undefined,
  hint: undefined,
  position: '134',
  internalPosition: undefined,
  internalQuery: undefined,
  where: undefined,
  schema: undefined,
  table: undefined,
  column: undefined,
  dataType: undefined,
  constraint: undefined,
  file: 'parse_relation.c',
  line: '1392',
  routine: 'parserOpenTable'
}
Error calculating average response time: error: relation "agent_routing_decisions" does not exist
    at /Volumes/PRO-G40/Code/omnidash/node_modules/pg-pool/index.js:45:11
    at process.processTicksAndRejections (node:internal/process/task_queues:105:5)
    at async <anonymous> (/Volumes/PRO-G40/Code/omnidash/node_modules/src/node-postgres/session.ts:104:19)
    at async getAvgResponseTime (/Volumes/PRO-G40/Code/omnidash/server/alert-helpers.ts:86:22)
    at async <anonymous> (/Volumes/PRO-G40/Code/omnidash/server/alert-routes.ts:120:29) {
  length: 122,
  severity: 'ERROR',
  code: '42P01',
  detail: undefined,
  hint: undefined,
  position: '48',
  internalPosition: undefined,
  internalQuery: undefined,
  where: undefined,
  schema: undefined,
  table: undefined,
  column: undefined,
  dataType: undefined,
  constraint: undefined,
  file: 'parse_relation.c',
  line: '1392',
  routine: 'parserOpenTable'
}
Error calculating success rate: error: relation "agent_routing_decisions" does not exist
    at /Volumes/PRO-G40/Code/omnidash/node_modules/pg-pool/index.js:45:11
    at process.processTicksAndRejections (node:internal/process/task_queues:105:5)
    at async <anonymous> (/Volumes/PRO-G40/Code/omnidash/node_modules/src/node-postgres/session.ts:104:19)
    at async getSuccessRate (/Volumes/PRO-G40/Code/omnidash/server/alert-helpers.ts:113:22)
    at async <anonymous> (/Volumes/PRO-G40/Code/omnidash/server/alert-routes.ts:130:25) {
  length: 123,
  severity: 'ERROR',
  code: '42P01',
  detail: undefined,
  hint: undefined,
  position: '130',
  internalPosition: undefined,
  internalQuery: undefined,
  where: undefined,
  schema: undefined,
  table: undefined,
  column: undefined,
  dataType: undefined,
  constraint: undefined,
  file: 'parse_relation.c',
  line: '1392',
  routine: 'parserOpenTable'
}
10:01:43 AM [express] GET /api/intelligence/alerts/active 200 in 353ms :: {"alerts":[{"level":"criticâ€¦
WebSocket client connected from 127.0.0.1
âš  Omniarchon has no data yet - returning empty array
10:01:49 AM [express] GET /api/intelligence/patterns/quality-trends 200 in 11ms :: []
Error fetching pattern discovery: TypeError: Cannot convert undefined or null to object
    at Function.entries (<anonymous>)
    at orderSelectedFields (/Volumes/PRO-G40/Code/omnidash/node_modules/src/utils.ts:77:16)
    at <anonymous> (/Volumes/PRO-G40/Code/omnidash/node_modules/src/utils.ts:88:19)
    at Array.reduce (<anonymous>)
    at orderSelectedFields (/Volumes/PRO-G40/Code/omnidash/node_modules/src/utils.ts:77:32)
    at <anonymous> (/Volumes/PRO-G40/Code/omnidash/node_modules/src/pg-core/query-builders/select.ts:979:23)
    at Object.startActiveSpan (/Volumes/PRO-G40/Code/omnidash/node_modules/src/tracing.ts:27:11)
    at PgSelectBase._prepare (/Volumes/PRO-G40/Code/omnidash/node_modules/src/pg-core/query-builders/select.ts:978:17)
    at <anonymous> (/Volumes/PRO-G40/Code/omnidash/node_modules/src/pg-core/query-builders/select.ts:1009:16)
    at Object.startActiveSpan (/Volumes/PRO-G40/Code/omnidash/node_modules/src/tracing.ts:27:11)
    at PgSelectBase.execute (/Volumes/PRO-G40/Code/omnidash/node_modules/src/pg-core/query-builders/select.ts:1008:17)
    at PgSelectBase.then (/Volumes/PRO-G40/Code/omnidash/node_modules/src/query-promise.ts:31:15)
    at process.processTicksAndRejections (node:internal/process/task_queues:105:5)
10:01:50 AM [express] GET /api/intelligence/patterns/discovery 200 in 92ms :: [{"name":"OAuth Authentâ€¦
Error fetching pattern list: TypeError: Cannot convert undefined or null to object
    at Function.entries (<anonymous>)
    at orderSelectedFields (/Volumes/PRO-G40/Code/omnidash/node_modules/src/utils.ts:77:16)
    at <anonymous> (/Volumes/PRO-G40/Code/omnidash/node_modules/src/utils.ts:88:19)
    at Array.reduce (<anonymous>)
    at orderSelectedFields (/Volumes/PRO-G40/Code/omnidash/node_modules/src/utils.ts:77:32)
    at <anonymous> (/Volumes/PRO-G40/Code/omnidash/node_modules/src/pg-core/query-builders/select.ts:979:23)
    at Object.startActiveSpan (/Volumes/PRO-G40/Code/omnidash/node_modules/src/tracing.ts:27:11)
    at PgSelectBase._prepare (/Volumes/PRO-G40/Code/omnidash/node_modules/src/pg-core/query-builders/select.ts:978:17)
    at <anonymous> (/Volumes/PRO-G40/Code/omnidash/node_modules/src/pg-core/query-builders/select.ts:1009:16)
    at Object.startActiveSpan (/Volumes/PRO-G40/Code/omnidash/node_modules/src/tracing.ts:27:11)
    at PgSelectBase.execute (/Volumes/PRO-G40/Code/omnidash/node_modules/src/pg-core/query-builders/select.ts:1008:17)
    at PgSelectBase.then (/Volumes/PRO-G40/Code/omnidash/node_modules/src/query-promise.ts:31:15)
    at process.processTicksAndRejections (node:internal/process/task_queues:105:5)
10:01:50 AM [express] GET /api/intelligence/patterns/list 500 in 93ms :: {"error":"Failed to fetch paâ€¦
10:01:50 AM [express] GET /api/intelligence/patterns/trends 200 in 113ms :: [{"period":"2025-11-03 14â€¦
10:01:50 AM [express] GET /api/intelligence/patterns/summary 200 in 114ms :: {"total_patterns":1061,"â€¦
WebSocket client disconnected
10:01:50 AM [express] GET /api/intelligence/patterns/by-language 200 in 112ms :: [{"language":"pythonâ€¦
Error calculating error rate: error: relation "agent_actions" does not exist
    at /Volumes/PRO-G40/Code/omnidash/node_modules/pg-pool/index.js:45:11
    at process.processTicksAndRejections (node:internal/process/task_queues:105:5)
    at async <anonymous> (/Volumes/PRO-G40/Code/omnidash/node_modules/src/node-postgres/session.ts:104:19)
    at async getErrorRate (/Volumes/PRO-G40/Code/omnidash/server/alert-helpers.ts:20:22)
    at async <anonymous> (/Volumes/PRO-G40/Code/omnidash/server/alert-routes.ts:88:23) {
  length: 113,
  severity: 'ERROR',
  code: '42P01',
  detail: undefined,
  hint: undefined,
  position: '125',
  internalPosition: undefined,
  internalQuery: undefined,
  where: undefined,
  schema: undefined,
  table: undefined,
  column: undefined,
  dataType: undefined,
  constraint: undefined,
  file: 'parse_relation.c',
  line: '1392',
  routine: 'parserOpenTable'
}
Error calculating manifest injection success rate: error: relation "agent_manifest_injections" does not exist
    at /Volumes/PRO-G40/Code/omnidash/node_modules/pg-pool/index.js:45:11
    at process.processTicksAndRejections (node:internal/process/task_queues:105:5)
    at async <anonymous> (/Volumes/PRO-G40/Code/omnidash/node_modules/src/node-postgres/session.ts:104:19)
    at async getManifestInjectionSuccessRate (/Volumes/PRO-G40/Code/omnidash/server/alert-helpers.ts:52:22)
    at async <anonymous> (/Volumes/PRO-G40/Code/omnidash/server/alert-routes.ts:104:34) {
  length: 125,
  severity: 'ERROR',
  code: '42P01',
  detail: undefined,
  hint: undefined,
  position: '134',
  internalPosition: undefined,
  internalQuery: undefined,
  where: undefined,
  schema: undefined,
  table: undefined,
  column: undefined,
  dataType: undefined,
  constraint: undefined,
  file: 'parse_relation.c',
  line: '1392',
  routine: 'parserOpenTable'
}
Error calculating average response time: error: relation "agent_routing_decisions" does not exist
    at /Volumes/PRO-G40/Code/omnidash/node_modules/pg-pool/index.js:45:11
    at process.processTicksAndRejections (node:internal/process/task_queues:105:5)
    at async <anonymous> (/Volumes/PRO-G40/Code/omnidash/node_modules/src/node-postgres/session.ts:104:19)
    at async getAvgResponseTime (/Volumes/PRO-G40/Code/omnidash/server/alert-helpers.ts:86:22)
    at async <anonymous> (/Volumes/PRO-G40/Code/omnidash/server/alert-routes.ts:120:29) {
  length: 122,
  severity: 'ERROR',
  code: '42P01',
  detail: undefined,
  hint: undefined,
  position: '48',
  internalPosition: undefined,
  internalQuery: undefined,
  where: undefined,
  schema: undefined,
  table: undefined,
  column: undefined,
  dataType: undefined,
  constraint: undefined,
  file: 'parse_relation.c',
  line: '1392',
  routine: 'parserOpenTable'
}
Error calculating success rate: error: relation "agent_routing_decisions" does not exist
    at /Volumes/PRO-G40/Code/omnidash/node_modules/pg-pool/index.js:45:11
    at process.processTicksAndRejections (node:internal/process/task_queues:105:5)
    at async <anonymous> (/Volumes/PRO-G40/Code/omnidash/node_modules/src/node-postgres/session.ts:104:19)
    at async getSuccessRate (/Volumes/PRO-G40/Code/omnidash/server/alert-helpers.ts:113:22)
    at async <anonymous> (/Volumes/PRO-G40/Code/omnidash/server/alert-routes.ts:130:25) {
  length: 123,
  severity: 'ERROR',
  code: '42P01',
  detail: undefined,
  hint: undefined,
  position: '130',
  internalPosition: undefined,
  internalQuery: undefined,
  where: undefined,
  schema: undefined,
  table: undefined,
  column: undefined,
  dataType: undefined,
  constraint: undefined,
  file: 'parse_relation.c',
  line: '1392',
  routine: 'parserOpenTable'
}
10:01:50 AM [express] GET /api/intelligence/alerts/active 200 in 211ms :: {"alerts":[{"level":"criticâ€¦
10:01:51 AM [express] GET /api/intelligence/patterns/summary 200 in 28ms :: {"total_patterns":1061,"lâ€¦
10:01:51 AM [express] GET /api/intelligence/patterns/summary 200 in 31ms :: {"total_patterns":1061,"lâ€¦
Error fetching pattern list: TypeError: Cannot convert undefined or null to object
    at Function.entries (<anonymous>)
    at orderSelectedFields (/Volumes/PRO-G40/Code/omnidash/node_modules/src/utils.ts:77:16)
    at <anonymous> (/Volumes/PRO-G40/Code/omnidash/node_modules/src/utils.ts:88:19)
    at Array.reduce (<anonymous>)
    at orderSelectedFields (/Volumes/PRO-G40/Code/omnidash/node_modules/src/utils.ts:77:32)
    at <anonymous> (/Volumes/PRO-G40/Code/omnidash/node_modules/src/pg-core/query-builders/select.ts:979:23)
    at Object.startActiveSpan (/Volumes/PRO-G40/Code/omnidash/node_modules/src/tracing.ts:27:11)
    at PgSelectBase._prepare (/Volumes/PRO-G40/Code/omnidash/node_modules/src/pg-core/query-builders/select.ts:978:17)
    at <anonymous> (/Volumes/PRO-G40/Code/omnidash/node_modules/src/pg-core/query-builders/select.ts:1009:16)
    at Object.startActiveSpan (/Volumes/PRO-G40/Code/omnidash/node_modules/src/tracing.ts:27:11)
    at PgSelectBase.execute (/Volumes/PRO-G40/Code/omnidash/node_modules/src/pg-core/query-builders/select.ts:1008:17)
    at PgSelectBase.then (/Volumes/PRO-G40/Code/omnidash/node_modules/src/query-promise.ts:31:15)
    at process.processTicksAndRejections (node:internal/process/task_queues:105:5)
10:01:51 AM [express] GET /api/intelligence/patterns/list 500 in 82ms :: {"error":"Failed to fetch paâ€¦
10:02:07 AM [express] GET /api/intelligence/code/compliance 200 in 77ms :: {"summary":{"totalFiles":0â€¦
Error calculating error rate: error: relation "agent_actions" does not exist
    at /Volumes/PRO-G40/Code/omnidash/node_modules/pg-pool/index.js:45:11
    at process.processTicksAndRejections (node:internal/process/task_queues:105:5)
    at async <anonymous> (/Volumes/PRO-G40/Code/omnidash/node_modules/src/node-postgres/session.ts:104:19)
    at async getErrorRate (/Volumes/PRO-G40/Code/omnidash/server/alert-helpers.ts:20:22)
    at async <anonymous> (/Volumes/PRO-G40/Code/omnidash/server/alert-routes.ts:88:23) {
  length: 113,
  severity: 'ERROR',
  code: '42P01',
  detail: undefined,
  hint: undefined,
  position: '125',
  internalPosition: undefined,
  internalQuery: undefined,
  where: undefined,
  schema: undefined,
  table: undefined,
  column: undefined,
  dataType: undefined,
  constraint: undefined,
  file: 'parse_relation.c',
  line: '1392',
  routine: 'parserOpenTable'
}
Error calculating manifest injection success rate: error: relation "agent_manifest_injections" does not exist
    at /Volumes/PRO-G40/Code/omnidash/node_modules/pg-pool/index.js:45:11
    at process.processTicksAndRejections (node:internal/process/task_queues:105:5)
    at async <anonymous> (/Volumes/PRO-G40/Code/omnidash/node_modules/src/node-postgres/session.ts:104:19)
    at async getManifestInjectionSuccessRate (/Volumes/PRO-G40/Code/omnidash/server/alert-helpers.ts:52:22)
    at async <anonymous> (/Volumes/PRO-G40/Code/omnidash/server/alert-routes.ts:104:34) {
  length: 125,
  severity: 'ERROR',
  code: '42P01',
  detail: undefined,
  hint: undefined,
  position: '134',
  internalPosition: undefined,
  internalQuery: undefined,
  where: undefined,
  schema: undefined,
  table: undefined,
  column: undefined,
  dataType: undefined,
  constraint: undefined,
  file: 'parse_relation.c',
  line: '1392',
  routine: 'parserOpenTable'
}
Error calculating average response time: error: relation "agent_routing_decisions" does not exist
    at /Volumes/PRO-G40/Code/omnidash/node_modules/pg-pool/index.js:45:11
    at process.processTicksAndRejections (node:internal/process/task_queues:105:5)
    at async <anonymous> (/Volumes/PRO-G40/Code/omnidash/node_modules/src/node-postgres/session.ts:104:19)
    at async getAvgResponseTime (/Volumes/PRO-G40/Code/omnidash/server/alert-helpers.ts:86:22)
    at async <anonymous> (/Volumes/PRO-G40/Code/omnidash/server/alert-routes.ts:120:29) {
  length: 122,
  severity: 'ERROR',
  code: '42P01',
  detail: undefined,
  hint: undefined,
  position: '48',
  internalPosition: undefined,
  internalQuery: undefined,
  where: undefined,
  schema: undefined,
  table: undefined,
  column: undefined,
  dataType: undefined,
  constraint: undefined,
  file: 'parse_relation.c',
  line: '1392',
  routine: 'parserOpenTable'
}
Error calculating success rate: error: relation "agent_routing_decisions" does not exist
    at /Volumes/PRO-G40/Code/omnidash/node_modules/pg-pool/index.js:45:11
    at process.processTicksAndRejections (node:internal/process/task_queues:105:5)
    at async <anonymous> (/Volumes/PRO-G40/Code/omnidash/node_modules/src/node-postgres/session.ts:104:19)
    at async getSuccessRate (/Volumes/PRO-G40/Code/omnidash/server/alert-helpers.ts:113:22)
    at async <anonymous> (/Volumes/PRO-G40/Code/omnidash/server/alert-routes.ts:130:25) {
  length: 123,
  severity: 'ERROR',
  code: '42P01',
  detail: undefined,
  hint: undefined,
  position: '130',
  internalPosition: undefined,
  internalQuery: undefined,
  where: undefined,
  schema: undefined,
  table: undefined,
  column: undefined,
  dataType: undefined,
  constraint: undefined,
  file: 'parse_relation.c',
  line: '1392',
  routine: 'parserOpenTable'
}
10:02:14 AM [express] GET /api/intelligence/alerts/active 200 in 418ms :: {"alerts":[{"level":"criticâ€¦
10:02:15 AM [vite] hmr update /src/index.css?v=QqeKiLCyu_B4tt_Jy5xVR, /src/pages/PatternLearning.tsx, /src/pages/IntelligenceOperations.tsx, /src/pages/CodeIntelligence.tsx, /src/pages/EventFlow.tsx, /src/pages/KnowledgeGraph.tsx, /src/pages/PlatformHealth.tsx, /src/pages/preview/IntelligenceSavings.tsx, /src/pages/preview/AgentNetwork.tsx, /src/pages/preview/IntelligenceAnalytics.tsx, /src/pages/preview/DeveloperTools.tsx, /src/pages/preview/AgentManagement.tsx, /src/pages/preview/ArchitectureNetworks.tsx, /src/pages/preview/AgentRegistry.tsx, /src/pages/preview/PlatformMonitoring.tsx, /src/pages/AgentOperations.tsx
10:02:17 AM [express] GET /api/intelligence/analysis/patterns 200 in 54ms :: {"patterns":[],"meta":{"â€¦
10:02:19 AM [express] GET /api/intelligence/patterns/by-language 200 in 160ms :: [{"language":"pythonâ€¦
10:02:19 AM [express] GET /api/intelligence/patterns/trends 200 in 108ms :: [{"period":"2025-11-03 14â€¦
âš  Omniarchon has no data yet - returning empty array
10:02:21 AM [express] GET /api/intelligence/patterns/quality-trends 200 in 13ms :: []
10:02:21 AM [express] GET /api/intelligence/patterns/summary 200 in 45ms :: {"total_patterns":1061,"lâ€¦
Error fetching pattern list: TypeError: Cannot convert undefined or null to object
    at Function.entries (<anonymous>)
    at orderSelectedFields (/Volumes/PRO-G40/Code/omnidash/node_modules/src/utils.ts:77:16)
    at <anonymous> (/Volumes/PRO-G40/Code/omnidash/node_modules/src/utils.ts:88:19)
    at Array.reduce (<anonymous>)
    at orderSelectedFields (/Volumes/PRO-G40/Code/omnidash/node_modules/src/utils.ts:77:32)
    at <anonymous> (/Volumes/PRO-G40/Code/omnidash/node_modules/src/pg-core/query-builders/select.ts:979:23)
    at Object.startActiveSpan (/Volumes/PRO-G40/Code/omnidash/node_modules/src/tracing.ts:27:11)
    at PgSelectBase._prepare (/Volumes/PRO-G40/Code/omnidash/node_modules/src/pg-core/query-builders/select.ts:978:17)
    at <anonymous> (/Volumes/PRO-G40/Code/omnidash/node_modules/src/pg-core/query-builders/select.ts:1009:16)
    at Object.startActiveSpan (/Volumes/PRO-G40/Code/omnidash/node_modules/src/tracing.ts:27:11)
    at PgSelectBase.execute (/Volumes/PRO-G40/Code/omnidash/node_modules/src/pg-core/query-builders/select.ts:1008:17)
    at PgSelectBase.then (/Volumes/PRO-G40/Code/omnidash/node_modules/src/query-promise.ts:31:15)
    at process.processTicksAndRejections (node:internal/process/task_queues:105:5)
10:02:21 AM [express] GET /api/intelligence/patterns/list 500 in 16ms :: {"error":"Failed to fetch paâ€¦
10:02:25 AM [vite] hmr update /src/index.css?v=QqeKiLCyu_B4tt_Jy5xVR, /src/pages/PatternLearning.tsx, /src/pages/IntelligenceOperations.tsx, /src/pages/CodeIntelligence.tsx, /src/pages/EventFlow.tsx, /src/pages/KnowledgeGraph.tsx, /src/pages/PlatformHealth.tsx, /src/pages/preview/IntelligenceSavings.tsx, /src/pages/preview/AgentNetwork.tsx, /src/pages/preview/IntelligenceAnalytics.tsx, /src/pages/preview/DeveloperTools.tsx, /src/pages/preview/AgentManagement.tsx, /src/pages/preview/ArchitectureNetworks.tsx, /src/pages/preview/AgentRegistry.tsx, /src/pages/preview/PlatformMonitoring.tsx, /src/pages/AgentOperations.tsx
10:02:39 AM [vite] hmr update /src/index.css?v=QqeKiLCyu_B4tt_Jy5xVR, /src/pages/PatternLearning.tsx, /src/pages/IntelligenceOperations.tsx, /src/pages/CodeIntelligence.tsx, /src/pages/EventFlow.tsx, /src/pages/KnowledgeGraph.tsx, /src/pages/PlatformHealth.tsx, /src/pages/preview/IntelligenceSavings.tsx, /src/pages/preview/AgentNetwork.tsx, /src/pages/preview/IntelligenceAnalytics.tsx, /src/pages/preview/DeveloperTools.tsx, /src/pages/preview/AgentManagement.tsx, /src/pages/preview/ArchitectureNetworks.tsx, /src/pages/preview/AgentRegistry.tsx, /src/pages/preview/PlatformMonitoring.tsx, /src/pages/AgentOperations.tsx
[EventConsumer] Received event from topic: agent-routing-decisions
[EventConsumer] Processing routing decision for agent: documentation-architect
[EventConsumer] Updated metrics for documentation-architect: 1 requests, avg confidence 0.66
[EventConsumer] Received event from topic: agent-actions
[EventConsumer] Processing action: decision from documentation-architect
[EventConsumer] Added action to queue: agent_selected (documentation-architect), queue size: 1
Error calculating error rate: error: relation "agent_actions" does not exist
    at /Volumes/PRO-G40/Code/omnidash/node_modules/pg-pool/index.js:45:11
    at process.processTicksAndRejections (node:internal/process/task_queues:105:5)
    at async <anonymous> (/Volumes/PRO-G40/Code/omnidash/node_modules/src/node-postgres/session.ts:104:19)
    at async getErrorRate (/Volumes/PRO-G40/Code/omnidash/server/alert-helpers.ts:20:22)
    at async <anonymous> (/Volumes/PRO-G40/Code/omnidash/server/alert-routes.ts:88:23) {
  length: 113,
  severity: 'ERROR',
  code: '42P01',
  detail: undefined,
  hint: undefined,
  position: '125',
  internalPosition: undefined,
  internalQuery: undefined,
  where: undefined,
  schema: undefined,
  table: undefined,
  column: undefined,
  dataType: undefined,
  constraint: undefined,
  file: 'parse_relation.c',
  line: '1392',
  routine: 'parserOpenTable'
}
Error calculating manifest injection success rate: error: relation "agent_manifest_injections" does not exist
    at /Volumes/PRO-G40/Code/omnidash/node_modules/pg-pool/index.js:45:11
    at process.processTicksAndRejections (node:internal/process/task_queues:105:5)
    at async <anonymous> (/Volumes/PRO-G40/Code/omnidash/node_modules/src/node-postgres/session.ts:104:19)
    at async getManifestInjectionSuccessRate (/Volumes/PRO-G40/Code/omnidash/server/alert-helpers.ts:52:22)
    at async <anonymous> (/Volumes/PRO-G40/Code/omnidash/server/alert-routes.ts:104:34) {
  length: 125,
  severity: 'ERROR',
  code: '42P01',
  detail: undefined,
  hint: undefined,
  position: '134',
  internalPosition: undefined,
  internalQuery: undefined,
  where: undefined,
  schema: undefined,
  table: undefined,
  column: undefined,
  dataType: undefined,
  constraint: undefined,
  file: 'parse_relation.c',
  line: '1392',
  routine: 'parserOpenTable'
}
Error calculating average response time: error: relation "agent_routing_decisions" does not exist
    at /Volumes/PRO-G40/Code/omnidash/node_modules/pg-pool/index.js:45:11
    at process.processTicksAndRejections (node:internal/process/task_queues:105:5)
    at async <anonymous> (/Volumes/PRO-G40/Code/omnidash/node_modules/src/node-postgres/session.ts:104:19)
    at async getAvgResponseTime (/Volumes/PRO-G40/Code/omnidash/server/alert-helpers.ts:86:22)
    at async <anonymous> (/Volumes/PRO-G40/Code/omnidash/server/alert-routes.ts:120:29) {
  length: 122,
  severity: 'ERROR',
  code: '42P01',
  detail: undefined,
  hint: undefined,
  position: '48',
  internalPosition: undefined,
  internalQuery: undefined,
  where: undefined,
  schema: undefined,
  table: undefined,
  column: undefined,
  dataType: undefined,
  constraint: undefined,
  file: 'parse_relation.c',
  line: '1392',
  routine: 'parserOpenTable'
}
Error calculating success rate: error: relation "agent_routing_decisions" does not exist
    at /Volumes/PRO-G40/Code/omnidash/node_modules/pg-pool/index.js:45:11
    at process.processTicksAndRejections (node:internal/process/task_queues:105:5)
    at async <anonymous> (/Volumes/PRO-G40/Code/omnidash/node_modules/src/node-postgres/session.ts:104:19)
    at async getSuccessRate (/Volumes/PRO-G40/Code/omnidash/server/alert-helpers.ts:113:22)
    at async <anonymous> (/Volumes/PRO-G40/Code/omnidash/server/alert-routes.ts:130:25) {
  length: 123,
  severity: 'ERROR',
  code: '42P01',
  detail: undefined,
  hint: undefined,
  position: '130',
  internalPosition: undefined,
  internalQuery: undefined,
  where: undefined,
  schema: undefined,
  table: undefined,
  column: undefined,
  dataType: undefined,
  constraint: undefined,
  file: 'parse_relation.c',
  line: '1392',
  routine: 'parserOpenTable'
}
10:02:44 AM [express] GET /api/intelligence/alerts/active 200 in 384ms :: {"alerts":[{"level":"criticâ€¦
10:02:49 AM [vite] hmr update /src/index.css?v=QqeKiLCyu_B4tt_Jy5xVR, /src/pages/PatternLearning.tsx, /src/pages/IntelligenceOperations.tsx, /src/pages/CodeIntelligence.tsx, /src/pages/EventFlow.tsx, /src/pages/KnowledgeGraph.tsx, /src/pages/PlatformHealth.tsx, /src/pages/preview/IntelligenceSavings.tsx, /src/pages/preview/AgentNetwork.tsx, /src/pages/preview/IntelligenceAnalytics.tsx, /src/pages/preview/DeveloperTools.tsx, /src/pages/preview/AgentManagement.tsx, /src/pages/preview/ArchitectureNetworks.tsx, /src/pages/preview/AgentRegistry.tsx, /src/pages/preview/PlatformMonitoring.tsx, /src/pages/AgentOperations.tsx
10:02:51 AM [express] GET /api/intelligence/patterns/summary 200 in 104ms :: {"total_patterns":1061,"â€¦
10:02:51 AM [express] GET /api/intelligence/patterns/summary 200 in 31ms :: {"total_patterns":1061,"lâ€¦
Error fetching pattern list: TypeError: Cannot convert undefined or null to object
    at Function.entries (<anonymous>)
    at orderSelectedFields (/Volumes/PRO-G40/Code/omnidash/node_modules/src/utils.ts:77:16)
    at <anonymous> (/Volumes/PRO-G40/Code/omnidash/node_modules/src/utils.ts:88:19)
    at Array.reduce (<anonymous>)
    at orderSelectedFields (/Volumes/PRO-G40/Code/omnidash/node_modules/src/utils.ts:77:32)
    at <anonymous> (/Volumes/PRO-G40/Code/omnidash/node_modules/src/pg-core/query-builders/select.ts:979:23)
    at Object.startActiveSpan (/Volumes/PRO-G40/Code/omnidash/node_modules/src/tracing.ts:27:11)
    at PgSelectBase._prepare (/Volumes/PRO-G40/Code/omnidash/node_modules/src/pg-core/query-builders/select.ts:978:17)
    at <anonymous> (/Volumes/PRO-G40/Code/omnidash/node_modules/src/pg-core/query-builders/select.ts:1009:16)
    at Object.startActiveSpan (/Volumes/PRO-G40/Code/omnidash/node_modules/src/tracing.ts:27:11)
    at PgSelectBase.execute (/Volumes/PRO-G40/Code/omnidash/node_modules/src/pg-core/query-builders/select.ts:1008:17)
    at PgSelectBase.then (/Volumes/PRO-G40/Code/omnidash/node_modules/src/query-promise.ts:31:15)
    at process.processTicksAndRejections (node:internal/process/task_queues:105:5)
10:02:51 AM [express] GET /api/intelligence/patterns/list 500 in 19ms :: {"error":"Failed to fetch paâ€¦
WebSocket client connected from 127.0.0.1
âš  Omniarchon has no data yet - returning empty array
10:02:55 AM [express] GET /api/intelligence/patterns/quality-trends 200 in 8ms :: []
10:02:55 AM [express] GET /api/intelligence/patterns/summary 200 in 36ms :: {"total_patterns":1061,"lâ€¦
Error fetching pattern discovery: TypeError: Cannot convert undefined or null to object
    at Function.entries (<anonymous>)
    at orderSelectedFields (/Volumes/PRO-G40/Code/omnidash/node_modules/src/utils.ts:77:16)
    at <anonymous> (/Volumes/PRO-G40/Code/omnidash/node_modules/src/utils.ts:88:19)
    at Array.reduce (<anonymous>)
    at orderSelectedFields (/Volumes/PRO-G40/Code/omnidash/node_modules/src/utils.ts:77:32)
    at <anonymous> (/Volumes/PRO-G40/Code/omnidash/node_modules/src/pg-core/query-builders/select.ts:979:23)
    at Object.startActiveSpan (/Volumes/PRO-G40/Code/omnidash/node_modules/src/tracing.ts:27:11)
    at PgSelectBase._prepare (/Volumes/PRO-G40/Code/omnidash/node_modules/src/pg-core/query-builders/select.ts:978:17)
    at <anonymous> (/Volumes/PRO-G40/Code/omnidash/node_modules/src/pg-core/query-builders/select.ts:1009:16)
    at Object.startActiveSpan (/Volumes/PRO-G40/Code/omnidash/node_modules/src/tracing.ts:27:11)
    at PgSelectBase.execute (/Volumes/PRO-G40/Code/omnidash/node_modules/src/pg-core/query-builders/select.ts:1008:17)
    at PgSelectBase.then (/Volumes/PRO-G40/Code/omnidash/node_modules/src/query-promise.ts:31:15)
    at process.processTicksAndRejections (node:internal/process/task_queues:105:5)
10:02:55 AM [express] GET /api/intelligence/patterns/discovery 200 in 101ms :: [{"name":"OAuth Authenâ€¦
Error fetching pattern list: TypeError: Cannot convert undefined or null to object
    at Function.entries (<anonymous>)
    at orderSelectedFields (/Volumes/PRO-G40/Code/omnidash/node_modules/src/utils.ts:77:16)
    at <anonymous> (/Volumes/PRO-G40/Code/omnidash/node_modules/src/utils.ts:88:19)
    at Array.reduce (<anonymous>)
    at orderSelectedFields (/Volumes/PRO-G40/Code/omnidash/node_modules/src/utils.ts:77:32)
    at <anonymous> (/Volumes/PRO-G40/Code/omnidash/node_modules/src/pg-core/query-builders/select.ts:979:23)
    at Object.startActiveSpan (/Volumes/PRO-G40/Code/omnidash/node_modules/src/tracing.ts:27:11)
    at PgSelectBase._prepare (/Volumes/PRO-G40/Code/omnidash/node_modules/src/pg-core/query-builders/select.ts:978:17)
    at <anonymous> (/Volumes/PRO-G40/Code/omnidash/node_modules/src/pg-core/query-builders/select.ts:1009:16)
    at Object.startActiveSpan (/Volumes/PRO-G40/Code/omnidash/node_modules/src/tracing.ts:27:11)
    at PgSelectBase.execute (/Volumes/PRO-G40/Code/omnidash/node_modules/src/pg-core/query-builders/select.ts:1008:17)
    at PgSelectBase.then (/Volumes/PRO-G40/Code/omnidash/node_modules/src/query-promise.ts:31:15)
    at process.processTicksAndRejections (node:internal/process/task_queues:105:5)
10:02:55 AM [express] GET /api/intelligence/patterns/list 500 in 102ms :: {"error":"Failed to fetch pâ€¦
10:02:55 AM [express] GET /api/intelligence/patterns/by-language 200 in 105ms :: [{"language":"pythonâ€¦
10:02:55 AM [express] GET /api/intelligence/patterns/trends 200 in 116ms :: [{"period":"2025-11-03 14â€¦
Error calculating error rate: error: relation "agent_actions" does not exist
    at /Volumes/PRO-G40/Code/omnidash/node_modules/pg-pool/index.js:45:11
    at process.processTicksAndRejections (node:internal/process/task_queues:105:5)
    at async <anonymous> (/Volumes/PRO-G40/Code/omnidash/node_modules/src/node-postgres/session.ts:104:19)
    at async getErrorRate (/Volumes/PRO-G40/Code/omnidash/server/alert-helpers.ts:20:22)
    at async <anonymous> (/Volumes/PRO-G40/Code/omnidash/server/alert-routes.ts:88:23) {
  length: 113,
  severity: 'ERROR',
  code: '42P01',
  detail: undefined,
  hint: undefined,
  position: '125',
  internalPosition: undefined,
  internalQuery: undefined,
  where: undefined,
  schema: undefined,
  table: undefined,
  column: undefined,
  dataType: undefined,
  constraint: undefined,
  file: 'parse_relation.c',
  line: '1392',
  routine: 'parserOpenTable'
}
Error fetching pattern relationships: error: invalid input syntax for type uuid: "pattern-1"
    at /Volumes/PRO-G40/Code/omnidash/node_modules/pg-pool/index.js:45:11
    at process.processTicksAndRejections (node:internal/process/task_queues:105:5)
    at async <anonymous> (/Volumes/PRO-G40/Code/omnidash/node_modules/src/node-postgres/session.ts:104:19)
    at async <anonymous> (/Volumes/PRO-G40/Code/omnidash/server/intelligence-routes.ts:1152:23) {
  length: 141,
  severity: 'ERROR',
  code: '22P02',
  detail: undefined,
  hint: undefined,
  position: undefined,
  internalPosition: undefined,
  internalQuery: undefined,
  where: "unnamed portal parameter $1 = '...'",
  schema: undefined,
  table: undefined,
  column: undefined,
  dataType: undefined,
  constraint: undefined,
  file: 'uuid.c',
  line: '133',
  routine: 'string_to_uuid'
}
10:02:55 AM [express] GET /api/intelligence/patterns/relationships 500 in 28ms :: {"error":"Failed toâ€¦
Error calculating manifest injection success rate: error: relation "agent_manifest_injections" does not exist
    at /Volumes/PRO-G40/Code/omnidash/node_modules/pg-pool/index.js:45:11
    at process.processTicksAndRejections (node:internal/process/task_queues:105:5)
    at async <anonymous> (/Volumes/PRO-G40/Code/omnidash/node_modules/src/node-postgres/session.ts:104:19)
    at async getManifestInjectionSuccessRate (/Volumes/PRO-G40/Code/omnidash/server/alert-helpers.ts:52:22)
    at async <anonymous> (/Volumes/PRO-G40/Code/omnidash/server/alert-routes.ts:104:34) {
  length: 125,
  severity: 'ERROR',
  code: '42P01',
  detail: undefined,
  hint: undefined,
  position: '134',
  internalPosition: undefined,
  internalQuery: undefined,
  where: undefined,
  schema: undefined,
  table: undefined,
  column: undefined,
  dataType: undefined,
  constraint: undefined,
  file: 'parse_relation.c',
  line: '1392',
  routine: 'parserOpenTable'
}
Error calculating average response time: error: relation "agent_routing_decisions" does not exist
    at /Volumes/PRO-G40/Code/omnidash/node_modules/pg-pool/index.js:45:11
    at process.processTicksAndRejections (node:internal/process/task_queues:105:5)
    at async <anonymous> (/Volumes/PRO-G40/Code/omnidash/node_modules/src/node-postgres/session.ts:104:19)
    at async getAvgResponseTime (/Volumes/PRO-G40/Code/omnidash/server/alert-helpers.ts:86:22)
    at async <anonymous> (/Volumes/PRO-G40/Code/omnidash/server/alert-routes.ts:120:29) {
  length: 122,
  severity: 'ERROR',
  code: '42P01',
  detail: undefined,
  hint: undefined,
  position: '48',
  internalPosition: undefined,
  internalQuery: undefined,
  where: undefined,
  schema: undefined,
  table: undefined,
  column: undefined,
  dataType: undefined,
  constraint: undefined,
  file: 'parse_relation.c',
  line: '1392',
  routine: 'parserOpenTable'
}
Error calculating success rate: error: relation "agent_routing_decisions" does not exist
    at /Volumes/PRO-G40/Code/omnidash/node_modules/pg-pool/index.js:45:11
    at process.processTicksAndRejections (node:internal/process/task_queues:105:5)
    at async <anonymous> (/Volumes/PRO-G40/Code/omnidash/node_modules/src/node-postgres/session.ts:104:19)
    at async getSuccessRate (/Volumes/PRO-G40/Code/omnidash/server/alert-helpers.ts:113:22)
    at async <anonymous> (/Volumes/PRO-G40/Code/omnidash/server/alert-routes.ts:130:25) {
  length: 123,
  severity: 'ERROR',
  code: '42P01',
  detail: undefined,
  hint: undefined,
  position: '130',
  internalPosition: undefined,
  internalQuery: undefined,
  where: undefined,
  schema: undefined,
  table: undefined,
  column: undefined,
  dataType: undefined,
  constraint: undefined,
  file: 'parse_relation.c',
  line: '1392',
  routine: 'parserOpenTable'
}
10:02:55 AM [express] GET /api/intelligence/alerts/active 200 in 228ms :: {"alerts":[{"level":"criticâ€¦
10:02:55 AM [express] GET /api/intelligence/patterns/summary 200 in 99ms :: {"total_patterns":1061,"lâ€¦
10:03:07 AM [express] GET /api/intelligence/code/compliance 200 in 95ms :: {"summary":{"totalFiles":0â€¦
Error calculating error rate: error: relation "agent_actions" does not exist
    at /Volumes/PRO-G40/Code/omnidash/node_modules/pg-pool/index.js:45:11
    at process.processTicksAndRejections (node:internal/process/task_queues:105:5)
    at async <anonymous> (/Volumes/PRO-G40/Code/omnidash/node_modules/src/node-postgres/session.ts:104:19)
    at async getErrorRate (/Volumes/PRO-G40/Code/omnidash/server/alert-helpers.ts:20:22)
    at async <anonymous> (/Volumes/PRO-G40/Code/omnidash/server/alert-routes.ts:88:23) {
  length: 113,
  severity: 'ERROR',
  code: '42P01',
  detail: undefined,
  hint: undefined,
  position: '125',
  internalPosition: undefined,
  internalQuery: undefined,
  where: undefined,
  schema: undefined,
  table: undefined,
  column: undefined,
  dataType: undefined,
  constraint: undefined,
  file: 'parse_relation.c',
  line: '1392',
  routine: 'parserOpenTable'
}
Error calculating manifest injection success rate: error: relation "agent_manifest_injections" does not exist
    at /Volumes/PRO-G40/Code/omnidash/node_modules/pg-pool/index.js:45:11
    at process.processTicksAndRejections (node:internal/process/task_queues:105:5)
    at async <anonymous> (/Volumes/PRO-G40/Code/omnidash/node_modules/src/node-postgres/session.ts:104:19)
    at async getManifestInjectionSuccessRate (/Volumes/PRO-G40/Code/omnidash/server/alert-helpers.ts:52:22)
    at async <anonymous> (/Volumes/PRO-G40/Code/omnidash/server/alert-routes.ts:104:34) {
  length: 125,
  severity: 'ERROR',
  code: '42P01',
  detail: undefined,
  hint: undefined,
  position: '134',
  internalPosition: undefined,
  internalQuery: undefined,
  where: undefined,
  schema: undefined,
  table: undefined,
  column: undefined,
  dataType: undefined,
  constraint: undefined,
  file: 'parse_relation.c',
  line: '1392',
  routine: 'parserOpenTable'
}
Error calculating average response time: error: relation "agent_routing_decisions" does not exist
    at /Volumes/PRO-G40/Code/omnidash/node_modules/pg-pool/index.js:45:11
    at process.processTicksAndRejections (node:internal/process/task_queues:105:5)
    at async <anonymous> (/Volumes/PRO-G40/Code/omnidash/node_modules/src/node-postgres/session.ts:104:19)
    at async getAvgResponseTime (/Volumes/PRO-G40/Code/omnidash/server/alert-helpers.ts:86:22)
    at async <anonymous> (/Volumes/PRO-G40/Code/omnidash/server/alert-routes.ts:120:29) {
  length: 122,
  severity: 'ERROR',
  code: '42P01',
  detail: undefined,
  hint: undefined,
  position: '48',
  internalPosition: undefined,
  internalQuery: undefined,
  where: undefined,
  schema: undefined,
  table: undefined,
  column: undefined,
  dataType: undefined,
  constraint: undefined,
  file: 'parse_relation.c',
  line: '1392',
  routine: 'parserOpenTable'
}
Error calculating success rate: error: relation "agent_routing_decisions" does not exist
    at /Volumes/PRO-G40/Code/omnidash/node_modules/pg-pool/index.js:45:11
    at process.processTicksAndRejections (node:internal/process/task_queues:105:5)
    at async <anonymous> (/Volumes/PRO-G40/Code/omnidash/node_modules/src/node-postgres/session.ts:104:19)
    at async getSuccessRate (/Volumes/PRO-G40/Code/omnidash/server/alert-helpers.ts:113:22)
    at async <anonymous> (/Volumes/PRO-G40/Code/omnidash/server/alert-routes.ts:130:25) {
  length: 123,
  severity: 'ERROR',
  code: '42P01',
  detail: undefined,
  hint: undefined,
  position: '130',
  internalPosition: undefined,
  internalQuery: undefined,
  where: undefined,
  schema: undefined,
  table: undefined,
  column: undefined,
  dataType: undefined,
  constraint: undefined,
  file: 'parse_relation.c',
  line: '1392',
  routine: 'parserOpenTable'
}
10:03:15 AM [express] GET /api/intelligence/alerts/active 200 in 388ms :: {"alerts":[{"level":"criticâ€¦
10:03:17 AM [express] GET /api/intelligence/analysis/patterns 200 in 65ms :: {"patterns":[],"meta":{"â€¦
10:03:19 AM [express] GET /api/intelligence/patterns/by-language 200 in 98ms :: [{"language":"python"â€¦
10:03:19 AM [express] GET /api/intelligence/patterns/trends 200 in 85ms :: [{"period":"2025-11-03 14:â€¦
âš  Omniarchon has no data yet - returning empty array
10:03:21 AM [express] GET /api/intelligence/patterns/quality-trends 200 in 5ms :: []
10:03:21 AM [express] GET /api/intelligence/patterns/summary 200 in 33ms :: {"total_patterns":1061,"lâ€¦
Error fetching pattern list: TypeError: Cannot convert undefined or null to object
    at Function.entries (<anonymous>)
    at orderSelectedFields (/Volumes/PRO-G40/Code/omnidash/node_modules/src/utils.ts:77:16)
    at <anonymous> (/Volumes/PRO-G40/Code/omnidash/node_modules/src/utils.ts:88:19)
    at Array.reduce (<anonymous>)
    at orderSelectedFields (/Volumes/PRO-G40/Code/omnidash/node_modules/src/utils.ts:77:32)
    at <anonymous> (/Volumes/PRO-G40/Code/omnidash/node_modules/src/pg-core/query-builders/select.ts:979:23)
    at Object.startActiveSpan (/Volumes/PRO-G40/Code/omnidash/node_modules/src/tracing.ts:27:11)
    at PgSelectBase._prepare (/Volumes/PRO-G40/Code/omnidash/node_modules/src/pg-core/query-builders/select.ts:978:17)
    at <anonymous> (/Volumes/PRO-G40/Code/omnidash/node_modules/src/pg-core/query-builders/select.ts:1009:16)
    at Object.startActiveSpan (/Volumes/PRO-G40/Code/omnidash/node_modules/src/tracing.ts:27:11)
    at PgSelectBase.execute (/Volumes/PRO-G40/Code/omnidash/node_modules/src/pg-core/query-builders/select.ts:1008:17)
    at PgSelectBase.then (/Volumes/PRO-G40/Code/omnidash/node_modules/src/query-promise.ts:31:15)
    at process.processTicksAndRejections (node:internal/process/task_queues:105:5)
10:03:21 AM [express] GET /api/intelligence/patterns/list 500 in 14ms :: {"error":"Failed to fetch paâ€¦
10:03:25 AM [express] GET /api/intelligence/patterns/summary 200 in 30ms :: {"total_patterns":1061,"lâ€¦
Error fetching pattern list: TypeError: Cannot convert undefined or null to object
    at Function.entries (<anonymous>)
    at orderSelectedFields (/Volumes/PRO-G40/Code/omnidash/node_modules/src/utils.ts:77:16)
    at <anonymous> (/Volumes/PRO-G40/Code/omnidash/node_modules/src/utils.ts:88:19)
    at Array.reduce (<anonymous>)
    at orderSelectedFields (/Volumes/PRO-G40/Code/omnidash/node_modules/src/utils.ts:77:32)
    at <anonymous> (/Volumes/PRO-G40/Code/omnidash/node_modules/src/pg-core/query-builders/select.ts:979:23)
    at Object.startActiveSpan (/Volumes/PRO-G40/Code/omnidash/node_modules/src/tracing.ts:27:11)
    at PgSelectBase._prepare (/Volumes/PRO-G40/Code/omnidash/node_modules/src/pg-core/query-builders/select.ts:978:17)
    at <anonymous> (/Volumes/PRO-G40/Code/omnidash/node_modules/src/pg-core/query-builders/select.ts:1009:16)
    at Object.startActiveSpan (/Volumes/PRO-G40/Code/omnidash/node_modules/src/tracing.ts:27:11)
    at PgSelectBase.execute (/Volumes/PRO-G40/Code/omnidash/node_modules/src/pg-core/query-builders/select.ts:1008:17)
    at PgSelectBase.then (/Volumes/PRO-G40/Code/omnidash/node_modules/src/query-promise.ts:31:15)
    at process.processTicksAndRejections (node:internal/process/task_queues:105:5)
10:03:25 AM [express] GET /api/intelligence/patterns/list 500 in 14ms :: {"error":"Failed to fetch paâ€¦
Error calculating error rate: error: relation "agent_actions" does not exist
    at /Volumes/PRO-G40/Code/omnidash/node_modules/pg-pool/index.js:45:11
    at process.processTicksAndRejections (node:internal/process/task_queues:105:5)
    at async <anonymous> (/Volumes/PRO-G40/Code/omnidash/node_modules/src/node-postgres/session.ts:104:19)
    at async getErrorRate (/Volumes/PRO-G40/Code/omnidash/server/alert-helpers.ts:20:22)
    at async <anonymous> (/Volumes/PRO-G40/Code/omnidash/server/alert-routes.ts:88:23) {
  length: 113,
  severity: 'ERROR',
  code: '42P01',
  detail: undefined,
  hint: undefined,
  position: '125',
  internalPosition: undefined,
  internalQuery: undefined,
  where: undefined,
  schema: undefined,
  table: undefined,
  column: undefined,
  dataType: undefined,
  constraint: undefined,
  file: 'parse_relation.c',
  line: '1392',
  routine: 'parserOpenTable'
}
Error calculating manifest injection success rate: error: relation "agent_manifest_injections" does not exist
    at /Volumes/PRO-G40/Code/omnidash/node_modules/pg-pool/index.js:45:11
    at process.processTicksAndRejections (node:internal/process/task_queues:105:5)
    at async <anonymous> (/Volumes/PRO-G40/Code/omnidash/node_modules/src/node-postgres/session.ts:104:19)
    at async getManifestInjectionSuccessRate (/Volumes/PRO-G40/Code/omnidash/server/alert-helpers.ts:52:22)
    at async <anonymous> (/Volumes/PRO-G40/Code/omnidash/server/alert-routes.ts:104:34) {
  length: 125,
  severity: 'ERROR',
  code: '42P01',
  detail: undefined,
  hint: undefined,
  position: '134',
  internalPosition: undefined,
  internalQuery: undefined,
  where: undefined,
  schema: undefined,
  table: undefined,
  column: undefined,
  dataType: undefined,
  constraint: undefined,
  file: 'parse_relation.c',
  line: '1392',
  routine: 'parserOpenTable'
}
Error calculating average response time: error: relation "agent_routing_decisions" does not exist
    at /Volumes/PRO-G40/Code/omnidash/node_modules/pg-pool/index.js:45:11
    at process.processTicksAndRejections (node:internal/process/task_queues:105:5)
    at async <anonymous> (/Volumes/PRO-G40/Code/omnidash/node_modules/src/node-postgres/session.ts:104:19)
    at async getAvgResponseTime (/Volumes/PRO-G40/Code/omnidash/server/alert-helpers.ts:86:22)
    at async <anonymous> (/Volumes/PRO-G40/Code/omnidash/server/alert-routes.ts:120:29) {
  length: 122,
  severity: 'ERROR',
  code: '42P01',
  detail: undefined,
  hint: undefined,
  position: '48',
  internalPosition: undefined,
  internalQuery: undefined,
  where: undefined,
  schema: undefined,
  table: undefined,
  column: undefined,
  dataType: undefined,
  constraint: undefined,
  file: 'parse_relation.c',
  line: '1392',
  routine: 'parserOpenTable'
}
Error calculating success rate: error: relation "agent_routing_decisions" does not exist
    at /Volumes/PRO-G40/Code/omnidash/node_modules/pg-pool/index.js:45:11
    at process.processTicksAndRejections (node:internal/process/task_queues:105:5)
    at async <anonymous> (/Volumes/PRO-G40/Code/omnidash/node_modules/src/node-postgres/session.ts:104:19)
    at async getSuccessRate (/Volumes/PRO-G40/Code/omnidash/server/alert-helpers.ts:113:22)
    at async <anonymous> (/Volumes/PRO-G40/Code/omnidash/server/alert-routes.ts:130:25) {
  length: 123,
  severity: 'ERROR',
  code: '42P01',
  detail: undefined,
  hint: undefined,
  position: '130',
  internalPosition: undefined,
  internalQuery: undefined,
  where: undefined,
  schema: undefined,
  table: undefined,
  column: undefined,
  dataType: undefined,
  constraint: undefined,
  file: 'parse_relation.c',
  line: '1392',
  routine: 'parserOpenTable'
}
10:03:25 AM [express] GET /api/intelligence/alerts/active 200 in 325ms :: {"alerts":[{"level":"criticâ€¦
10:03:42 AM [express] GET /api/intelligence/patterns/summary 200 in 88ms :: {"total_patterns":1061,"lâ€¦
10:03:42 AM [express] GET /api/intelligence/patterns/by-language 200 in 34ms :: [{"language":"python"â€¦
Error fetching pattern discovery: TypeError: Cannot convert undefined or null to object
    at Function.entries (<anonymous>)
    at orderSelectedFields (/Volumes/PRO-G40/Code/omnidash/node_modules/src/utils.ts:77:16)
    at <anonymous> (/Volumes/PRO-G40/Code/omnidash/node_modules/src/utils.ts:88:19)
    at Array.reduce (<anonymous>)
    at orderSelectedFields (/Volumes/PRO-G40/Code/omnidash/node_modules/src/utils.ts:77:32)
    at <anonymous> (/Volumes/PRO-G40/Code/omnidash/node_modules/src/pg-core/query-builders/select.ts:979:23)
    at Object.startActiveSpan (/Volumes/PRO-G40/Code/omnidash/node_modules/src/tracing.ts:27:11)
    at PgSelectBase._prepare (/Volumes/PRO-G40/Code/omnidash/node_modules/src/pg-core/query-builders/select.ts:978:17)
    at <anonymous> (/Volumes/PRO-G40/Code/omnidash/node_modules/src/pg-core/query-builders/select.ts:1009:16)
    at Object.startActiveSpan (/Volumes/PRO-G40/Code/omnidash/node_modules/src/tracing.ts:27:11)
    at PgSelectBase.execute (/Volumes/PRO-G40/Code/omnidash/node_modules/src/pg-core/query-builders/select.ts:1008:17)
    at PgSelectBase.then (/Volumes/PRO-G40/Code/omnidash/node_modules/src/query-promise.ts:31:15)
    at process.processTicksAndRejections (node:internal/process/task_queues:105:5)
10:03:42 AM [express] GET /api/intelligence/patterns/discovery 200 in 16ms :: [{"name":"OAuth Authentâ€¦
Error calculating error rate: error: relation "agent_actions" does not exist
    at /Volumes/PRO-G40/Code/omnidash/node_modules/pg-pool/index.js:45:11
    at process.processTicksAndRejections (node:internal/process/task_queues:105:5)
    at async <anonymous> (/Volumes/PRO-G40/Code/omnidash/node_modules/src/node-postgres/session.ts:104:19)
    at async getErrorRate (/Volumes/PRO-G40/Code/omnidash/server/alert-helpers.ts:20:22)
    at async <anonymous> (/Volumes/PRO-G40/Code/omnidash/server/alert-routes.ts:88:23) {
  length: 113,
  severity: 'ERROR',
  code: '42P01',
  detail: undefined,
  hint: undefined,
  position: '125',
  internalPosition: undefined,
  internalQuery: undefined,
  where: undefined,
  schema: undefined,
  table: undefined,
  column: undefined,
  dataType: undefined,
  constraint: undefined,
  file: 'parse_relation.c',
  line: '1392',
  routine: 'parserOpenTable'
}
Error calculating manifest injection success rate: error: relation "agent_manifest_injections" does not exist
    at /Volumes/PRO-G40/Code/omnidash/node_modules/pg-pool/index.js:45:11
    at process.processTicksAndRejections (node:internal/process/task_queues:105:5)
    at async <anonymous> (/Volumes/PRO-G40/Code/omnidash/node_modules/src/node-postgres/session.ts:104:19)
    at async getManifestInjectionSuccessRate (/Volumes/PRO-G40/Code/omnidash/server/alert-helpers.ts:52:22)
    at async <anonymous> (/Volumes/PRO-G40/Code/omnidash/server/alert-routes.ts:104:34) {
  length: 125,
  severity: 'ERROR',
  code: '42P01',
  detail: undefined,
  hint: undefined,
  position: '134',
  internalPosition: undefined,
  internalQuery: undefined,
  where: undefined,
  schema: undefined,
  table: undefined,
  column: undefined,
  dataType: undefined,
  constraint: undefined,
  file: 'parse_relation.c',
  line: '1392',
  routine: 'parserOpenTable'
}
Error calculating average response time: error: relation "agent_routing_decisions" does not exist
    at /Volumes/PRO-G40/Code/omnidash/node_modules/pg-pool/index.js:45:11
    at process.processTicksAndRejections (node:internal/process/task_queues:105:5)
    at async <anonymous> (/Volumes/PRO-G40/Code/omnidash/node_modules/src/node-postgres/session.ts:104:19)
    at async getAvgResponseTime (/Volumes/PRO-G40/Code/omnidash/server/alert-helpers.ts:86:22)
    at async <anonymous> (/Volumes/PRO-G40/Code/omnidash/server/alert-routes.ts:120:29) {
  length: 122,
  severity: 'ERROR',
  code: '42P01',
  detail: undefined,
  hint: undefined,
  position: '48',
  internalPosition: undefined,
  internalQuery: undefined,
  where: undefined,
  schema: undefined,
  table: undefined,
  column: undefined,
  dataType: undefined,
  constraint: undefined,
  file: 'parse_relation.c',
  line: '1392',
  routine: 'parserOpenTable'
}
Error calculating success rate: error: relation "agent_routing_decisions" does not exist
    at /Volumes/PRO-G40/Code/omnidash/node_modules/pg-pool/index.js:45:11
    at process.processTicksAndRejections (node:internal/process/task_queues:105:5)
    at async <anonymous> (/Volumes/PRO-G40/Code/omnidash/node_modules/src/node-postgres/session.ts:104:19)
    at async getSuccessRate (/Volumes/PRO-G40/Code/omnidash/server/alert-helpers.ts:113:22)
    at async <anonymous> (/Volumes/PRO-G40/Code/omnidash/server/alert-routes.ts:130:25) {
  length: 123,
  severity: 'ERROR',
  code: '42P01',
  detail: undefined,
  hint: undefined,
  position: '130',
  internalPosition: undefined,
  internalQuery: undefined,
  where: undefined,
  schema: undefined,
  table: undefined,
  column: undefined,
  dataType: undefined,
  constraint: undefined,
  file: 'parse_relation.c',
  line: '1392',
  routine: 'parserOpenTable'
}
10:03:45 AM [express] GET /api/intelligence/alerts/active 200 in 364ms :: {"alerts":[{"level":"criticâ€¦
10:03:51 AM [express] GET /api/intelligence/patterns/summary 200 in 101ms :: {"total_patterns":1062,"â€¦
10:03:51 AM [express] GET /api/intelligence/patterns/summary 200 in 32ms :: {"total_patterns":1062,"lâ€¦
Error fetching pattern list: TypeError: Cannot convert undefined or null to object
    at Function.entries (<anonymous>)
    at orderSelectedFields (/Volumes/PRO-G40/Code/omnidash/node_modules/src/utils.ts:77:16)
    at <anonymous> (/Volumes/PRO-G40/Code/omnidash/node_modules/src/utils.ts:88:19)
    at Array.reduce (<anonymous>)
    at orderSelectedFields (/Volumes/PRO-G40/Code/omnidash/node_modules/src/utils.ts:77:32)
    at <anonymous> (/Volumes/PRO-G40/Code/omnidash/node_modules/src/pg-core/query-builders/select.ts:979:23)
    at Object.startActiveSpan (/Volumes/PRO-G40/Code/omnidash/node_modules/src/tracing.ts:27:11)
    at PgSelectBase._prepare (/Volumes/PRO-G40/Code/omnidash/node_modules/src/pg-core/query-builders/select.ts:978:17)
    at <anonymous> (/Volumes/PRO-G40/Code/omnidash/node_modules/src/pg-core/query-builders/select.ts:1009:16)
    at Object.startActiveSpan (/Volumes/PRO-G40/Code/omnidash/node_modules/src/tracing.ts:27:11)
    at PgSelectBase.execute (/Volumes/PRO-G40/Code/omnidash/node_modules/src/pg-core/query-builders/select.ts:1008:17)
    at PgSelectBase.then (/Volumes/PRO-G40/Code/omnidash/node_modules/src/query-promise.ts:31:15)
    at process.processTicksAndRejections (node:internal/process/task_queues:105:5)
10:03:51 AM [express] GET /api/intelligence/patterns/list 500 in 83ms :: {"error":"Failed to fetch paâ€¦
âš  Omniarchon has no data yet - returning empty array
10:03:55 AM [express] GET /api/intelligence/patterns/quality-trends 200 in 9ms :: []
10:03:55 AM [express] GET /api/intelligence/patterns/summary 200 in 36ms :: {"total_patterns":1062,"lâ€¦
Error fetching pattern discovery: TypeError: Cannot convert undefined or null to object
    at Function.entries (<anonymous>)
    at orderSelectedFields (/Volumes/PRO-G40/Code/omnidash/node_modules/src/utils.ts:77:16)
    at <anonymous> (/Volumes/PRO-G40/Code/omnidash/node_modules/src/utils.ts:88:19)
    at Array.reduce (<anonymous>)
    at orderSelectedFields (/Volumes/PRO-G40/Code/omnidash/node_modules/src/utils.ts:77:32)
    at <anonymous> (/Volumes/PRO-G40/Code/omnidash/node_modules/src/pg-core/query-builders/select.ts:979:23)
    at Object.startActiveSpan (/Volumes/PRO-G40/Code/omnidash/node_modules/src/tracing.ts:27:11)
    at PgSelectBase._prepare (/Volumes/PRO-G40/Code/omnidash/node_modules/src/pg-core/query-builders/select.ts:978:17)
    at <anonymous> (/Volumes/PRO-G40/Code/omnidash/node_modules/src/pg-core/query-builders/select.ts:1009:16)
    at Object.startActiveSpan (/Volumes/PRO-G40/Code/omnidash/node_modules/src/tracing.ts:27:11)
    at PgSelectBase.execute (/Volumes/PRO-G40/Code/omnidash/node_modules/src/pg-core/query-builders/select.ts:1008:17)
    at PgSelectBase.then (/Volumes/PRO-G40/Code/omnidash/node_modules/src/query-promise.ts:31:15)
    at process.processTicksAndRejections (node:internal/process/task_queues:105:5)
10:03:55 AM [express] GET /api/intelligence/patterns/discovery 200 in 34ms :: [{"name":"OAuth Authentâ€¦
Error fetching pattern list: TypeError: Cannot convert undefined or null to object
    at Function.entries (<anonymous>)
    at orderSelectedFields (/Volumes/PRO-G40/Code/omnidash/node_modules/src/utils.ts:77:16)
    at <anonymous> (/Volumes/PRO-G40/Code/omnidash/node_modules/src/utils.ts:88:19)
    at Array.reduce (<anonymous>)
    at orderSelectedFields (/Volumes/PRO-G40/Code/omnidash/node_modules/src/utils.ts:77:32)
    at <anonymous> (/Volumes/PRO-G40/Code/omnidash/node_modules/src/pg-core/query-builders/select.ts:979:23)
    at Object.startActiveSpan (/Volumes/PRO-G40/Code/omnidash/node_modules/src/tracing.ts:27:11)
    at PgSelectBase._prepare (/Volumes/PRO-G40/Code/omnidash/node_modules/src/pg-core/query-builders/select.ts:978:17)
    at <anonymous> (/Volumes/PRO-G40/Code/omnidash/node_modules/src/pg-core/query-builders/select.ts:1009:16)
    at Object.startActiveSpan (/Volumes/PRO-G40/Code/omnidash/node_modules/src/tracing.ts:27:11)
    at PgSelectBase.execute (/Volumes/PRO-G40/Code/omnidash/node_modules/src/pg-core/query-builders/select.ts:1008:17)
    at PgSelectBase.then (/Volumes/PRO-G40/Code/omnidash/node_modules/src/query-promise.ts:31:15)
    at process.processTicksAndRejections (node:internal/process/task_queues:105:5)
10:03:55 AM [express] GET /api/intelligence/patterns/list 500 in 17ms :: {"error":"Failed to fetch paâ€¦
10:03:55 AM [express] GET /api/intelligence/patterns/trends 200 in 32ms :: [{"period":"2025-11-03 15:â€¦
10:03:55 AM [express] GET /api/intelligence/patterns/by-language 200 in 37ms :: [{"language":"python"â€¦
Error fetching pattern relationships: error: invalid input syntax for type uuid: "pattern-1"
    at /Volumes/PRO-G40/Code/omnidash/node_modules/pg-pool/index.js:45:11
    at process.processTicksAndRejections (node:internal/process/task_queues:105:5)
    at async <anonymous> (/Volumes/PRO-G40/Code/omnidash/node_modules/src/node-postgres/session.ts:104:19)
    at async <anonymous> (/Volumes/PRO-G40/Code/omnidash/server/intelligence-routes.ts:1152:23) {
  length: 141,
  severity: 'ERROR',
  code: '22P02',
  detail: undefined,
  hint: undefined,
  position: undefined,
  internalPosition: undefined,
  internalQuery: undefined,
  where: "unnamed portal parameter $1 = '...'",
  schema: undefined,
  table: undefined,
  column: undefined,
  dataType: undefined,
  constraint: undefined,
  file: 'uuid.c',
  line: '133',
  routine: 'string_to_uuid'
}
10:03:55 AM [express] GET /api/intelligence/patterns/relationships 500 in 106ms :: {"error":"Failed tâ€¦
Error calculating error rate: error: relation "agent_actions" does not exist
    at /Volumes/PRO-G40/Code/omnidash/node_modules/pg-pool/index.js:45:11
    at process.processTicksAndRejections (node:internal/process/task_queues:105:5)
    at async <anonymous> (/Volumes/PRO-G40/Code/omnidash/node_modules/src/node-postgres/session.ts:104:19)
    at async getErrorRate (/Volumes/PRO-G40/Code/omnidash/server/alert-helpers.ts:20:22)
    at async <anonymous> (/Volumes/PRO-G40/Code/omnidash/server/alert-routes.ts:88:23) {
  length: 113,
  severity: 'ERROR',
  code: '42P01',
  detail: undefined,
  hint: undefined,
  position: '125',
  internalPosition: undefined,
  internalQuery: undefined,
  where: undefined,
  schema: undefined,
  table: undefined,
  column: undefined,
  dataType: undefined,
  constraint: undefined,
  file: 'parse_relation.c',
  line: '1392',
  routine: 'parserOpenTable'
}
Error calculating manifest injection success rate: error: relation "agent_manifest_injections" does not exist
    at /Volumes/PRO-G40/Code/omnidash/node_modules/pg-pool/index.js:45:11
    at process.processTicksAndRejections (node:internal/process/task_queues:105:5)
    at async <anonymous> (/Volumes/PRO-G40/Code/omnidash/node_modules/src/node-postgres/session.ts:104:19)
    at async getManifestInjectionSuccessRate (/Volumes/PRO-G40/Code/omnidash/server/alert-helpers.ts:52:22)
    at async <anonymous> (/Volumes/PRO-G40/Code/omnidash/server/alert-routes.ts:104:34) {
  length: 125,
  severity: 'ERROR',
  code: '42P01',
  detail: undefined,
  hint: undefined,
  position: '134',
  internalPosition: undefined,
  internalQuery: undefined,
  where: undefined,
  schema: undefined,
  table: undefined,
  column: undefined,
  dataType: undefined,
  constraint: undefined,
  file: 'parse_relation.c',
  line: '1392',
  routine: 'parserOpenTable'
}
Error calculating average response time: error: relation "agent_routing_decisions" does not exist
    at /Volumes/PRO-G40/Code/omnidash/node_modules/pg-pool/index.js:45:11
    at process.processTicksAndRejections (node:internal/process/task_queues:105:5)
    at async <anonymous> (/Volumes/PRO-G40/Code/omnidash/node_modules/src/node-postgres/session.ts:104:19)
    at async getAvgResponseTime (/Volumes/PRO-G40/Code/omnidash/server/alert-helpers.ts:86:22)
    at async <anonymous> (/Volumes/PRO-G40/Code/omnidash/server/alert-routes.ts:120:29) {
  length: 122,
  severity: 'ERROR',
  code: '42P01',
  detail: undefined,
  hint: undefined,
  position: '48',
  internalPosition: undefined,
  internalQuery: undefined,
  where: undefined,
  schema: undefined,
  table: undefined,
  column: undefined,
  dataType: undefined,
  constraint: undefined,
  file: 'parse_relation.c',
  line: '1392',
  routine: 'parserOpenTable'
}
Error calculating success rate: error: relation "agent_routing_decisions" does not exist
    at /Volumes/PRO-G40/Code/omnidash/node_modules/pg-pool/index.js:45:11
    at process.processTicksAndRejections (node:internal/process/task_queues:105:5)
    at async <anonymous> (/Volumes/PRO-G40/Code/omnidash/node_modules/src/node-postgres/session.ts:104:19)
    at async getSuccessRate (/Volumes/PRO-G40/Code/omnidash/server/alert-helpers.ts:113:22)
    at async <anonymous> (/Volumes/PRO-G40/Code/omnidash/server/alert-routes.ts:130:25) {
  length: 123,
  severity: 'ERROR',
  code: '42P01',
  detail: undefined,
  hint: undefined,
  position: '130',
  internalPosition: undefined,
  internalQuery: undefined,
  where: undefined,
  schema: undefined,
  table: undefined,
  column: undefined,
  dataType: undefined,
  constraint: undefined,
  file: 'parse_relation.c',
  line: '1392',
  routine: 'parserOpenTable'
}
10:03:56 AM [express] GET /api/intelligence/alerts/active 200 in 333ms :: {"alerts":[{"level":"criticâ€¦
10:04:07 AM [express] GET /api/intelligence/code/compliance 200 in 76ms :: {"summary":{"totalFiles":0â€¦
Error calculating error rate: error: relation "agent_actions" does not exist
    at /Volumes/PRO-G40/Code/omnidash/node_modules/pg-pool/index.js:45:11
    at process.processTicksAndRejections (node:internal/process/task_queues:105:5)
    at async <anonymous> (/Volumes/PRO-G40/Code/omnidash/node_modules/src/node-postgres/session.ts:104:19)
    at async getErrorRate (/Volumes/PRO-G40/Code/omnidash/server/alert-helpers.ts:20:22)
    at async <anonymous> (/Volumes/PRO-G40/Code/omnidash/server/alert-routes.ts:88:23) {
  length: 113,
  severity: 'ERROR',
  code: '42P01',
  detail: undefined,
  hint: undefined,
  position: '125',
  internalPosition: undefined,
  internalQuery: undefined,
  where: undefined,
  schema: undefined,
  table: undefined,
  column: undefined,
  dataType: undefined,
  constraint: undefined,
  file: 'parse_relation.c',
  line: '1392',
  routine: 'parserOpenTable'
}
Error calculating manifest injection success rate: error: relation "agent_manifest_injections" does not exist
    at /Volumes/PRO-G40/Code/omnidash/node_modules/pg-pool/index.js:45:11
    at process.processTicksAndRejections (node:internal/process/task_queues:105:5)
    at async <anonymous> (/Volumes/PRO-G40/Code/omnidash/node_modules/src/node-postgres/session.ts:104:19)
    at async getManifestInjectionSuccessRate (/Volumes/PRO-G40/Code/omnidash/server/alert-helpers.ts:52:22)
    at async <anonymous> (/Volumes/PRO-G40/Code/omnidash/server/alert-routes.ts:104:34) {
  length: 125,
  severity: 'ERROR',
  code: '42P01',
  detail: undefined,
  hint: undefined,
  position: '134',
  internalPosition: undefined,
  internalQuery: undefined,
  where: undefined,
  schema: undefined,
  table: undefined,
  column: undefined,
  dataType: undefined,
  constraint: undefined,
  file: 'parse_relation.c',
  line: '1392',
  routine: 'parserOpenTable'
}
Error calculating average response time: error: relation "agent_routing_decisions" does not exist
    at /Volumes/PRO-G40/Code/omnidash/node_modules/pg-pool/index.js:45:11
    at process.processTicksAndRejections (node:internal/process/task_queues:105:5)
    at async <anonymous> (/Volumes/PRO-G40/Code/omnidash/node_modules/src/node-postgres/session.ts:104:19)
    at async getAvgResponseTime (/Volumes/PRO-G40/Code/omnidash/server/alert-helpers.ts:86:22)
    at async <anonymous> (/Volumes/PRO-G40/Code/omnidash/server/alert-routes.ts:120:29) {
  length: 122,
  severity: 'ERROR',
  code: '42P01',
  detail: undefined,
  hint: undefined,
  position: '48',
  internalPosition: undefined,
  internalQuery: undefined,
  where: undefined,
  schema: undefined,
  table: undefined,
  column: undefined,
  dataType: undefined,
  constraint: undefined,
  file: 'parse_relation.c',
  line: '1392',
  routine: 'parserOpenTable'
}
Error calculating success rate: error: relation "agent_routing_decisions" does not exist
    at /Volumes/PRO-G40/Code/omnidash/node_modules/pg-pool/index.js:45:11
    at process.processTicksAndRejections (node:internal/process/task_queues:105:5)
    at async <anonymous> (/Volumes/PRO-G40/Code/omnidash/node_modules/src/node-postgres/session.ts:104:19)
    at async getSuccessRate (/Volumes/PRO-G40/Code/omnidash/server/alert-helpers.ts:113:22)
    at async <anonymous> (/Volumes/PRO-G40/Code/omnidash/server/alert-routes.ts:130:25) {
  length: 123,
  severity: 'ERROR',
  code: '42P01',
  detail: undefined,
  hint: undefined,
  position: '130',
  internalPosition: undefined,
  internalQuery: undefined,
  where: undefined,
  schema: undefined,
  table: undefined,
  column: undefined,
  dataType: undefined,
  constraint: undefined,
  file: 'parse_relation.c',
  line: '1392',
  routine: 'parserOpenTable'
}
10:04:15 AM [express] GET /api/intelligence/alerts/active 200 in 418ms :: {"alerts":[{"level":"criticâ€¦
10:04:17 AM [express] GET /api/intelligence/analysis/patterns 200 in 41ms :: {"patterns":[],"meta":{"â€¦
10:04:19 AM [express] GET /api/intelligence/patterns/by-language 200 in 111ms :: [{"language":"pythonâ€¦
10:04:19 AM [express] GET /api/intelligence/patterns/trends 200 in 138ms :: [{"period":"2025-11-03 15â€¦
âš  Omniarchon has no data yet - returning empty array
10:04:21 AM [express] GET /api/intelligence/patterns/quality-trends 200 in 18ms :: []
10:04:21 AM [express] GET /api/intelligence/patterns/summary 200 in 30ms :: {"total_patterns":1062,"lâ€¦
Error fetching pattern list: TypeError: Cannot convert undefined or null to object
    at Function.entries (<anonymous>)
    at orderSelectedFields (/Volumes/PRO-G40/Code/omnidash/node_modules/src/utils.ts:77:16)
    at <anonymous> (/Volumes/PRO-G40/Code/omnidash/node_modules/src/utils.ts:88:19)
    at Array.reduce (<anonymous>)
    at orderSelectedFields (/Volumes/PRO-G40/Code/omnidash/node_modules/src/utils.ts:77:32)
    at <anonymous> (/Volumes/PRO-G40/Code/omnidash/node_modules/src/pg-core/query-builders/select.ts:979:23)
    at Object.startActiveSpan (/Volumes/PRO-G40/Code/omnidash/node_modules/src/tracing.ts:27:11)
    at PgSelectBase._prepare (/Volumes/PRO-G40/Code/omnidash/node_modules/src/pg-core/query-builders/select.ts:978:17)
    at <anonymous> (/Volumes/PRO-G40/Code/omnidash/node_modules/src/pg-core/query-builders/select.ts:1009:16)
    at Object.startActiveSpan (/Volumes/PRO-G40/Code/omnidash/node_modules/src/tracing.ts:27:11)
    at PgSelectBase.execute (/Volumes/PRO-G40/Code/omnidash/node_modules/src/pg-core/query-builders/select.ts:1008:17)
    at PgSelectBase.then (/Volumes/PRO-G40/Code/omnidash/node_modules/src/query-promise.ts:31:15)
    at process.processTicksAndRejections (node:internal/process/task_queues:105:5)
10:04:21 AM [express] GET /api/intelligence/patterns/list 500 in 20ms :: {"error":"Failed to fetch paâ€¦
10:04:25 AM [express] GET /api/intelligence/patterns/summary 200 in 27ms :: {"total_patterns":1062,"lâ€¦
Error fetching pattern list: TypeError: Cannot convert undefined or null to object
    at Function.entries (<anonymous>)
    at orderSelectedFields (/Volumes/PRO-G40/Code/omnidash/node_modules/src/utils.ts:77:16)
    at <anonymous> (/Volumes/PRO-G40/Code/omnidash/node_modules/src/utils.ts:88:19)
    at Array.reduce (<anonymous>)
    at orderSelectedFields (/Volumes/PRO-G40/Code/omnidash/node_modules/src/utils.ts:77:32)
    at <anonymous> (/Volumes/PRO-G40/Code/omnidash/node_modules/src/pg-core/query-builders/select.ts:979:23)
    at Object.startActiveSpan (/Volumes/PRO-G40/Code/omnidash/node_modules/src/tracing.ts:27:11)
    at PgSelectBase._prepare (/Volumes/PRO-G40/Code/omnidash/node_modules/src/pg-core/query-builders/select.ts:978:17)
    at <anonymous> (/Volumes/PRO-G40/Code/omnidash/node_modules/src/pg-core/query-builders/select.ts:1009:16)
    at Object.startActiveSpan (/Volumes/PRO-G40/Code/omnidash/node_modules/src/tracing.ts:27:11)
    at PgSelectBase.execute (/Volumes/PRO-G40/Code/omnidash/node_modules/src/pg-core/query-builders/select.ts:1008:17)
    at PgSelectBase.then (/Volumes/PRO-G40/Code/omnidash/node_modules/src/query-promise.ts:31:15)
    at process.processTicksAndRejections (node:internal/process/task_queues:105:5)
10:04:25 AM [express] GET /api/intelligence/patterns/list 500 in 12ms :: {"error":"Failed to fetch paâ€¦
Error calculating error rate: error: relation "agent_actions" does not exist
    at /Volumes/PRO-G40/Code/omnidash/node_modules/pg-pool/index.js:45:11
    at process.processTicksAndRejections (node:internal/process/task_queues:105:5)
    at async <anonymous> (/Volumes/PRO-G40/Code/omnidash/node_modules/src/node-postgres/session.ts:104:19)
    at async getErrorRate (/Volumes/PRO-G40/Code/omnidash/server/alert-helpers.ts:20:22)
    at async <anonymous> (/Volumes/PRO-G40/Code/omnidash/server/alert-routes.ts:88:23) {
  length: 113,
  severity: 'ERROR',
  code: '42P01',
  detail: undefined,
  hint: undefined,
  position: '125',
  internalPosition: undefined,
  internalQuery: undefined,
  where: undefined,
  schema: undefined,
  table: undefined,
  column: undefined,
  dataType: undefined,
  constraint: undefined,
  file: 'parse_relation.c',
  line: '1392',
  routine: 'parserOpenTable'
}
Error calculating manifest injection success rate: error: relation "agent_manifest_injections" does not exist
    at /Volumes/PRO-G40/Code/omnidash/node_modules/pg-pool/index.js:45:11
    at process.processTicksAndRejections (node:internal/process/task_queues:105:5)
    at async <anonymous> (/Volumes/PRO-G40/Code/omnidash/node_modules/src/node-postgres/session.ts:104:19)
    at async getManifestInjectionSuccessRate (/Volumes/PRO-G40/Code/omnidash/server/alert-helpers.ts:52:22)
    at async <anonymous> (/Volumes/PRO-G40/Code/omnidash/server/alert-routes.ts:104:34) {
  length: 125,
  severity: 'ERROR',
  code: '42P01',
  detail: undefined,
  hint: undefined,
  position: '134',
  internalPosition: undefined,
  internalQuery: undefined,
  where: undefined,
  schema: undefined,
  table: undefined,
  column: undefined,
  dataType: undefined,
  constraint: undefined,
  file: 'parse_relation.c',
  line: '1392',
  routine: 'parserOpenTable'
}
Error calculating average response time: error: relation "agent_routing_decisions" does not exist
    at /Volumes/PRO-G40/Code/omnidash/node_modules/pg-pool/index.js:45:11
    at process.processTicksAndRejections (node:internal/process/task_queues:105:5)
    at async <anonymous> (/Volumes/PRO-G40/Code/omnidash/node_modules/src/node-postgres/session.ts:104:19)
    at async getAvgResponseTime (/Volumes/PRO-G40/Code/omnidash/server/alert-helpers.ts:86:22)
    at async <anonymous> (/Volumes/PRO-G40/Code/omnidash/server/alert-routes.ts:120:29) {
  length: 122,
  severity: 'ERROR',
  code: '42P01',
  detail: undefined,
  hint: undefined,
  position: '48',
  internalPosition: undefined,
  internalQuery: undefined,
  where: undefined,
  schema: undefined,
  table: undefined,
  column: undefined,
  dataType: undefined,
  constraint: undefined,
  file: 'parse_relation.c',
  line: '1392',
  routine: 'parserOpenTable'
}
Error calculating success rate: error: relation "agent_routing_decisions" does not exist
    at /Volumes/PRO-G40/Code/omnidash/node_modules/pg-pool/index.js:45:11
    at process.processTicksAndRejections (node:internal/process/task_queues:105:5)
    at async <anonymous> (/Volumes/PRO-G40/Code/omnidash/node_modules/src/node-postgres/session.ts:104:19)
    at async getSuccessRate (/Volumes/PRO-G40/Code/omnidash/server/alert-helpers.ts:113:22)
    at async <anonymous> (/Volumes/PRO-G40/Code/omnidash/server/alert-routes.ts:130:25) {
  length: 123,
  severity: 'ERROR',
  code: '42P01',
  detail: undefined,
  hint: undefined,
  position: '130',
  internalPosition: undefined,
  internalQuery: undefined,
  where: undefined,
  schema: undefined,
  table: undefined,
  column: undefined,
  dataType: undefined,
  constraint: undefined,
  file: 'parse_relation.c',
  line: '1392',
  routine: 'parserOpenTable'
}
10:04:26 AM [express] GET /api/intelligence/alerts/active 200 in 272ms :: {"alerts":[{"level":"criticâ€¦
Error calculating error rate: error: relation "agent_actions" does not exist
    at /Volumes/PRO-G40/Code/omnidash/node_modules/pg-pool/index.js:45:11
    at process.processTicksAndRejections (node:internal/process/task_queues:105:5)
    at async <anonymous> (/Volumes/PRO-G40/Code/omnidash/node_modules/src/node-postgres/session.ts:104:19)
    at async getErrorRate (/Volumes/PRO-G40/Code/omnidash/server/alert-helpers.ts:20:22)
    at async <anonymous> (/Volumes/PRO-G40/Code/omnidash/server/alert-routes.ts:88:23) {
  length: 113,
  severity: 'ERROR',
  code: '42P01',
  detail: undefined,
  hint: undefined,
  position: '125',
  internalPosition: undefined,
  internalQuery: undefined,
  where: undefined,
  schema: undefined,
  table: undefined,
  column: undefined,
  dataType: undefined,
  constraint: undefined,
  file: 'parse_relation.c',
  line: '1392',
  routine: 'parserOpenTable'
}
Error calculating manifest injection success rate: error: relation "agent_manifest_injections" does not exist
    at /Volumes/PRO-G40/Code/omnidash/node_modules/pg-pool/index.js:45:11
    at process.processTicksAndRejections (node:internal/process/task_queues:105:5)
    at async <anonymous> (/Volumes/PRO-G40/Code/omnidash/node_modules/src/node-postgres/session.ts:104:19)
    at async getManifestInjectionSuccessRate (/Volumes/PRO-G40/Code/omnidash/server/alert-helpers.ts:52:22)
    at async <anonymous> (/Volumes/PRO-G40/Code/omnidash/server/alert-routes.ts:104:34) {
  length: 125,
  severity: 'ERROR',
  code: '42P01',
  detail: undefined,
  hint: undefined,
  position: '134',
  internalPosition: undefined,
  internalQuery: undefined,
  where: undefined,
  schema: undefined,
  table: undefined,
  column: undefined,
  dataType: undefined,
  constraint: undefined,
  file: 'parse_relation.c',
  line: '1392',
  routine: 'parserOpenTable'
}
Error calculating average response time: error: relation "agent_routing_decisions" does not exist
    at /Volumes/PRO-G40/Code/omnidash/node_modules/pg-pool/index.js:45:11
    at process.processTicksAndRejections (node:internal/process/task_queues:105:5)
    at async <anonymous> (/Volumes/PRO-G40/Code/omnidash/node_modules/src/node-postgres/session.ts:104:19)
    at async getAvgResponseTime (/Volumes/PRO-G40/Code/omnidash/server/alert-helpers.ts:86:22)
    at async <anonymous> (/Volumes/PRO-G40/Code/omnidash/server/alert-routes.ts:120:29) {
  length: 122,
  severity: 'ERROR',
  code: '42P01',
  detail: undefined,
  hint: undefined,
  position: '48',
  internalPosition: undefined,
  internalQuery: undefined,
  where: undefined,
  schema: undefined,
  table: undefined,
  column: undefined,
  dataType: undefined,
  constraint: undefined,
  file: 'parse_relation.c',
  line: '1392',
  routine: 'parserOpenTable'
}
Error calculating success rate: error: relation "agent_routing_decisions" does not exist
    at /Volumes/PRO-G40/Code/omnidash/node_modules/pg-pool/index.js:45:11
    at process.processTicksAndRejections (node:internal/process/task_queues:105:5)
    at async <anonymous> (/Volumes/PRO-G40/Code/omnidash/node_modules/src/node-postgres/session.ts:104:19)
    at async getSuccessRate (/Volumes/PRO-G40/Code/omnidash/server/alert-helpers.ts:113:22)
    at async <anonymous> (/Volumes/PRO-G40/Code/omnidash/server/alert-routes.ts:130:25) {
  length: 123,
  severity: 'ERROR',
  code: '42P01',
  detail: undefined,
  hint: undefined,
  position: '130',
  internalPosition: undefined,
  internalQuery: undefined,
  where: undefined,
  schema: undefined,
  table: undefined,
  column: undefined,
  dataType: undefined,
  constraint: undefined,
  file: 'parse_relation.c',
  line: '1392',
  routine: 'parserOpenTable'
}
10:04:46 AM [express] GET /api/intelligence/alerts/active 200 in 438ms :: {"alerts":[{"level":"criticâ€¦
10:04:51 AM [express] GET /api/intelligence/patterns/summary 200 in 119ms :: {"total_patterns":1062,"â€¦
Error fetching pattern list: TypeError: Cannot convert undefined or null to object
    at Function.entries (<anonymous>)
    at orderSelectedFields (/Volumes/PRO-G40/Code/omnidash/node_modules/src/utils.ts:77:16)
    at <anonymous> (/Volumes/PRO-G40/Code/omnidash/node_modules/src/utils.ts:88:19)
    at Array.reduce (<anonymous>)
    at orderSelectedFields (/Volumes/PRO-G40/Code/omnidash/node_modules/src/utils.ts:77:32)
    at <anonymous> (/Volumes/PRO-G40/Code/omnidash/node_modules/src/pg-core/query-builders/select.ts:979:23)
    at Object.startActiveSpan (/Volumes/PRO-G40/Code/omnidash/node_modules/src/tracing.ts:27:11)
    at PgSelectBase._prepare (/Volumes/PRO-G40/Code/omnidash/node_modules/src/pg-core/query-builders/select.ts:978:17)
    at <anonymous> (/Volumes/PRO-G40/Code/omnidash/node_modules/src/pg-core/query-builders/select.ts:1009:16)
    at Object.startActiveSpan (/Volumes/PRO-G40/Code/omnidash/node_modules/src/tracing.ts:27:11)
    at PgSelectBase.execute (/Volumes/PRO-G40/Code/omnidash/node_modules/src/pg-core/query-builders/select.ts:1008:17)
    at PgSelectBase.then (/Volumes/PRO-G40/Code/omnidash/node_modules/src/query-promise.ts:31:15)
    at process.processTicksAndRejections (node:internal/process/task_queues:105:5)
10:04:51 AM [express] GET /api/intelligence/patterns/list 500 in 15ms :: {"error":"Failed to fetch paâ€¦
10:04:51 AM [express] GET /api/intelligence/patterns/summary 200 in 100ms :: {"total_patterns":1062,"â€¦
âš  Omniarchon has no data yet - returning empty array
10:04:55 AM [express] GET /api/intelligence/patterns/quality-trends 200 in 5ms :: []
Error fetching pattern discovery: TypeError: Cannot convert undefined or null to object
    at Function.entries (<anonymous>)
    at orderSelectedFields (/Volumes/PRO-G40/Code/omnidash/node_modules/src/utils.ts:77:16)
    at <anonymous> (/Volumes/PRO-G40/Code/omnidash/node_modules/src/utils.ts:88:19)
    at Array.reduce (<anonymous>)
    at orderSelectedFields (/Volumes/PRO-G40/Code/omnidash/node_modules/src/utils.ts:77:32)
    at <anonymous> (/Volumes/PRO-G40/Code/omnidash/node_modules/src/pg-core/query-builders/select.ts:979:23)
    at Object.startActiveSpan (/Volumes/PRO-G40/Code/omnidash/node_modules/src/tracing.ts:27:11)
    at PgSelectBase._prepare (/Volumes/PRO-G40/Code/omnidash/node_modules/src/pg-core/query-builders/select.ts:978:17)
    at <anonymous> (/Volumes/PRO-G40/Code/omnidash/node_modules/src/pg-core/query-builders/select.ts:1009:16)
    at Object.startActiveSpan (/Volumes/PRO-G40/Code/omnidash/node_modules/src/tracing.ts:27:11)
    at PgSelectBase.execute (/Volumes/PRO-G40/Code/omnidash/node_modules/src/pg-core/query-builders/select.ts:1008:17)
    at PgSelectBase.then (/Volumes/PRO-G40/Code/omnidash/node_modules/src/query-promise.ts:31:15)
    at process.processTicksAndRejections (node:internal/process/task_queues:105:5)
10:04:55 AM [express] GET /api/intelligence/patterns/discovery 200 in 16ms :: [{"name":"OAuth Authentâ€¦
10:04:55 AM [express] GET /api/intelligence/patterns/summary 200 in 28ms :: {"total_patterns":1062,"lâ€¦
Error fetching pattern list: TypeError: Cannot convert undefined or null to object
    at Function.entries (<anonymous>)
    at orderSelectedFields (/Volumes/PRO-G40/Code/omnidash/node_modules/src/utils.ts:77:16)
    at <anonymous> (/Volumes/PRO-G40/Code/omnidash/node_modules/src/utils.ts:88:19)
    at Array.reduce (<anonymous>)
    at orderSelectedFields (/Volumes/PRO-G40/Code/omnidash/node_modules/src/utils.ts:77:32)
    at <anonymous> (/Volumes/PRO-G40/Code/omnidash/node_modules/src/pg-core/query-builders/select.ts:979:23)
    at Object.startActiveSpan (/Volumes/PRO-G40/Code/omnidash/node_modules/src/tracing.ts:27:11)
    at PgSelectBase._prepare (/Volumes/PRO-G40/Code/omnidash/node_modules/src/pg-core/query-builders/select.ts:978:17)
    at <anonymous> (/Volumes/PRO-G40/Code/omnidash/node_modules/src/pg-core/query-builders/select.ts:1009:16)
    at Object.startActiveSpan (/Volumes/PRO-G40/Code/omnidash/node_modules/src/tracing.ts:27:11)
    at PgSelectBase.execute (/Volumes/PRO-G40/Code/omnidash/node_modules/src/pg-core/query-builders/select.ts:1008:17)
    at PgSelectBase.then (/Volumes/PRO-G40/Code/omnidash/node_modules/src/query-promise.ts:31:15)
    at process.processTicksAndRejections (node:internal/process/task_queues:105:5)
10:04:55 AM [express] GET /api/intelligence/patterns/list 500 in 12ms :: {"error":"Failed to fetch paâ€¦
10:04:55 AM [express] GET /api/intelligence/patterns/trends 200 in 24ms :: [{"period":"2025-11-03 15:â€¦
10:04:55 AM [express] GET /api/intelligence/patterns/by-language 200 in 30ms :: [{"language":"python"â€¦
Error fetching pattern relationships: error: invalid input syntax for type uuid: "pattern-1"
    at /Volumes/PRO-G40/Code/omnidash/node_modules/pg-pool/index.js:45:11
    at process.processTicksAndRejections (node:internal/process/task_queues:105:5)
    at async <anonymous> (/Volumes/PRO-G40/Code/omnidash/node_modules/src/node-postgres/session.ts:104:19)
    at async <anonymous> (/Volumes/PRO-G40/Code/omnidash/server/intelligence-routes.ts:1152:23) {
  length: 141,
  severity: 'ERROR',
  code: '22P02',
  detail: undefined,
  hint: undefined,
  position: undefined,
  internalPosition: undefined,
  internalQuery: undefined,
  where: "unnamed portal parameter $1 = '...'",
  schema: undefined,
  table: undefined,
  column: undefined,
  dataType: undefined,
  constraint: undefined,
  file: 'uuid.c',
  line: '133',
  routine: 'string_to_uuid'
}
10:04:55 AM [express] GET /api/intelligence/patterns/relationships 500 in 24ms :: {"error":"Failed toâ€¦
Error calculating error rate: error: relation "agent_actions" does not exist
    at /Volumes/PRO-G40/Code/omnidash/node_modules/pg-pool/index.js:45:11
    at process.processTicksAndRejections (node:internal/process/task_queues:105:5)
    at async <anonymous> (/Volumes/PRO-G40/Code/omnidash/node_modules/src/node-postgres/session.ts:104:19)
    at async getErrorRate (/Volumes/PRO-G40/Code/omnidash/server/alert-helpers.ts:20:22)
    at async <anonymous> (/Volumes/PRO-G40/Code/omnidash/server/alert-routes.ts:88:23) {
  length: 113,
  severity: 'ERROR',
  code: '42P01',
  detail: undefined,
  hint: undefined,
  position: '125',
  internalPosition: undefined,
  internalQuery: undefined,
  where: undefined,
  schema: undefined,
  table: undefined,
  column: undefined,
  dataType: undefined,
  constraint: undefined,
  file: 'parse_relation.c',
  line: '1392',
  routine: 'parserOpenTable'
}
Error calculating manifest injection success rate: error: relation "agent_manifest_injections" does not exist
    at /Volumes/PRO-G40/Code/omnidash/node_modules/pg-pool/index.js:45:11
    at process.processTicksAndRejections (node:internal/process/task_queues:105:5)
    at async <anonymous> (/Volumes/PRO-G40/Code/omnidash/node_modules/src/node-postgres/session.ts:104:19)
    at async getManifestInjectionSuccessRate (/Volumes/PRO-G40/Code/omnidash/server/alert-helpers.ts:52:22)
    at async <anonymous> (/Volumes/PRO-G40/Code/omnidash/server/alert-routes.ts:104:34) {
  length: 125,
  severity: 'ERROR',
  code: '42P01',
  detail: undefined,
  hint: undefined,
  position: '134',
  internalPosition: undefined,
  internalQuery: undefined,
  where: undefined,
  schema: undefined,
  table: undefined,
  column: undefined,
  dataType: undefined,
  constraint: undefined,
  file: 'parse_relation.c',
  line: '1392',
  routine: 'parserOpenTable'
}
Error calculating average response time: error: relation "agent_routing_decisions" does not exist
    at /Volumes/PRO-G40/Code/omnidash/node_modules/pg-pool/index.js:45:11
    at process.processTicksAndRejections (node:internal/process/task_queues:105:5)
    at async <anonymous> (/Volumes/PRO-G40/Code/omnidash/node_modules/src/node-postgres/session.ts:104:19)
    at async getAvgResponseTime (/Volumes/PRO-G40/Code/omnidash/server/alert-helpers.ts:86:22)
    at async <anonymous> (/Volumes/PRO-G40/Code/omnidash/server/alert-routes.ts:120:29) {
  length: 122,
  severity: 'ERROR',
  code: '42P01',
  detail: undefined,
  hint: undefined,
  position: '48',
  internalPosition: undefined,
  internalQuery: undefined,
  where: undefined,
  schema: undefined,
  table: undefined,
  column: undefined,
  dataType: undefined,
  constraint: undefined,
  file: 'parse_relation.c',
  line: '1392',
  routine: 'parserOpenTable'
}
Error calculating success rate: error: relation "agent_routing_decisions" does not exist
    at /Volumes/PRO-G40/Code/omnidash/node_modules/pg-pool/index.js:45:11
    at process.processTicksAndRejections (node:internal/process/task_queues:105:5)
    at async <anonymous> (/Volumes/PRO-G40/Code/omnidash/node_modules/src/node-postgres/session.ts:104:19)
    at async getSuccessRate (/Volumes/PRO-G40/Code/omnidash/server/alert-helpers.ts:113:22)
    at async <anonymous> (/Volumes/PRO-G40/Code/omnidash/server/alert-routes.ts:130:25) {
  length: 123,
  severity: 'ERROR',
  code: '42P01',
  detail: undefined,
  hint: undefined,
  position: '130',
  internalPosition: undefined,
  internalQuery: undefined,
  where: undefined,
  schema: undefined,
  table: undefined,
  column: undefined,
  dataType: undefined,
  constraint: undefined,
  file: 'parse_relation.c',
  line: '1392',
  routine: 'parserOpenTable'
}
10:04:56 AM [express] GET /api/intelligence/alerts/active 200 in 554ms :: {"alerts":[{"level":"criticâ€¦
10:05:07 AM [express] GET /api/intelligence/code/compliance 200 in 81ms :: {"summary":{"totalFiles":0â€¦
Error calculating error rate: error: relation "agent_actions" does not exist
    at /Volumes/PRO-G40/Code/omnidash/node_modules/pg-pool/index.js:45:11
    at process.processTicksAndRejections (node:internal/process/task_queues:105:5)
    at async <anonymous> (/Volumes/PRO-G40/Code/omnidash/node_modules/src/node-postgres/session.ts:104:19)
    at async getErrorRate (/Volumes/PRO-G40/Code/omnidash/server/alert-helpers.ts:20:22)
    at async <anonymous> (/Volumes/PRO-G40/Code/omnidash/server/alert-routes.ts:88:23) {
  length: 113,
  severity: 'ERROR',
  code: '42P01',
  detail: undefined,
  hint: undefined,
  position: '125',
  internalPosition: undefined,
  internalQuery: undefined,
  where: undefined,
  schema: undefined,
  table: undefined,
  column: undefined,
  dataType: undefined,
  constraint: undefined,
  file: 'parse_relation.c',
  line: '1392',
  routine: 'parserOpenTable'
}
Error calculating manifest injection success rate: error: relation "agent_manifest_injections" does not exist
    at /Volumes/PRO-G40/Code/omnidash/node_modules/pg-pool/index.js:45:11
    at process.processTicksAndRejections (node:internal/process/task_queues:105:5)
    at async <anonymous> (/Volumes/PRO-G40/Code/omnidash/node_modules/src/node-postgres/session.ts:104:19)
    at async getManifestInjectionSuccessRate (/Volumes/PRO-G40/Code/omnidash/server/alert-helpers.ts:52:22)
    at async <anonymous> (/Volumes/PRO-G40/Code/omnidash/server/alert-routes.ts:104:34) {
  length: 125,
  severity: 'ERROR',
  code: '42P01',
  detail: undefined,
  hint: undefined,
  position: '134',
  internalPosition: undefined,
  internalQuery: undefined,
  where: undefined,
  schema: undefined,
  table: undefined,
  column: undefined,
  dataType: undefined,
  constraint: undefined,
  file: 'parse_relation.c',
  line: '1392',
  routine: 'parserOpenTable'
}
Error calculating average response time: error: relation "agent_routing_decisions" does not exist
    at /Volumes/PRO-G40/Code/omnidash/node_modules/pg-pool/index.js:45:11
    at process.processTicksAndRejections (node:internal/process/task_queues:105:5)
    at async <anonymous> (/Volumes/PRO-G40/Code/omnidash/node_modules/src/node-postgres/session.ts:104:19)
    at async getAvgResponseTime (/Volumes/PRO-G40/Code/omnidash/server/alert-helpers.ts:86:22)
    at async <anonymous> (/Volumes/PRO-G40/Code/omnidash/server/alert-routes.ts:120:29) {
  length: 122,
  severity: 'ERROR',
  code: '42P01',
  detail: undefined,
  hint: undefined,
  position: '48',
  internalPosition: undefined,
  internalQuery: undefined,
  where: undefined,
  schema: undefined,
  table: undefined,
  column: undefined,
  dataType: undefined,
  constraint: undefined,
  file: 'parse_relation.c',
  line: '1392',
  routine: 'parserOpenTable'
}
Error calculating success rate: error: relation "agent_routing_decisions" does not exist
    at /Volumes/PRO-G40/Code/omnidash/node_modules/pg-pool/index.js:45:11
    at process.processTicksAndRejections (node:internal/process/task_queues:105:5)
    at async <anonymous> (/Volumes/PRO-G40/Code/omnidash/node_modules/src/node-postgres/session.ts:104:19)
    at async getSuccessRate (/Volumes/PRO-G40/Code/omnidash/server/alert-helpers.ts:113:22)
    at async <anonymous> (/Volumes/PRO-G40/Code/omnidash/server/alert-routes.ts:130:25) {
  length: 123,
  severity: 'ERROR',
  code: '42P01',
  detail: undefined,
  hint: undefined,
  position: '130',
  internalPosition: undefined,
  internalQuery: undefined,
  where: undefined,
  schema: undefined,
  table: undefined,
  column: undefined,
  dataType: undefined,
  constraint: undefined,
  file: 'parse_relation.c',
  line: '1392',
  routine: 'parserOpenTable'
}
10:05:16 AM [express] GET /api/intelligence/alerts/active 200 in 457ms :: {"alerts":[{"level":"criticâ€¦
10:05:17 AM [express] GET /api/intelligence/analysis/patterns 200 in 52ms :: {"patterns":[],"meta":{"â€¦
10:05:20 AM [express] GET /api/intelligence/patterns/by-language 200 in 100ms :: [{"language":"pythonâ€¦
10:05:20 AM [express] GET /api/intelligence/patterns/trends 200 in 117ms :: [{"period":"2025-11-03 15â€¦
âš  Omniarchon has no data yet - returning empty array
10:05:21 AM [express] GET /api/intelligence/patterns/quality-trends 200 in 9ms :: []
Error fetching pattern list: TypeError: Cannot convert undefined or null to object
    at Function.entries (<anonymous>)
    at orderSelectedFields (/Volumes/PRO-G40/Code/omnidash/node_modules/src/utils.ts:77:16)
    at <anonymous> (/Volumes/PRO-G40/Code/omnidash/node_modules/src/utils.ts:88:19)
    at Array.reduce (<anonymous>)
    at orderSelectedFields (/Volumes/PRO-G40/Code/omnidash/node_modules/src/utils.ts:77:32)
    at <anonymous> (/Volumes/PRO-G40/Code/omnidash/node_modules/src/pg-core/query-builders/select.ts:979:23)
    at Object.startActiveSpan (/Volumes/PRO-G40/Code/omnidash/node_modules/src/tracing.ts:27:11)
    at PgSelectBase._prepare (/Volumes/PRO-G40/Code/omnidash/node_modules/src/pg-core/query-builders/select.ts:978:17)
    at <anonymous> (/Volumes/PRO-G40/Code/omnidash/node_modules/src/pg-core/query-builders/select.ts:1009:16)
    at Object.startActiveSpan (/Volumes/PRO-G40/Code/omnidash/node_modules/src/tracing.ts:27:11)
    at PgSelectBase.execute (/Volumes/PRO-G40/Code/omnidash/node_modules/src/pg-core/query-builders/select.ts:1008:17)
    at PgSelectBase.then (/Volumes/PRO-G40/Code/omnidash/node_modules/src/query-promise.ts:31:15)
    at process.processTicksAndRejections (node:internal/process/task_queues:105:5)
10:05:21 AM [express] GET /api/intelligence/patterns/list 500 in 16ms :: {"error":"Failed to fetch paâ€¦
10:05:21 AM [express] GET /api/intelligence/patterns/summary 200 in 33ms :: {"total_patterns":1062,"lâ€¦
Error fetching pattern list: TypeError: Cannot convert undefined or null to object
    at Function.entries (<anonymous>)
    at orderSelectedFields (/Volumes/PRO-G40/Code/omnidash/node_modules/src/utils.ts:77:16)
    at <anonymous> (/Volumes/PRO-G40/Code/omnidash/node_modules/src/utils.ts:88:19)
    at Array.reduce (<anonymous>)
    at orderSelectedFields (/Volumes/PRO-G40/Code/omnidash/node_modules/src/utils.ts:77:32)
    at <anonymous> (/Volumes/PRO-G40/Code/omnidash/node_modules/src/pg-core/query-builders/select.ts:979:23)
    at Object.startActiveSpan (/Volumes/PRO-G40/Code/omnidash/node_modules/src/tracing.ts:27:11)
    at PgSelectBase._prepare (/Volumes/PRO-G40/Code/omnidash/node_modules/src/pg-core/query-builders/select.ts:978:17)
    at <anonymous> (/Volumes/PRO-G40/Code/omnidash/node_modules/src/pg-core/query-builders/select.ts:1009:16)
    at Object.startActiveSpan (/Volumes/PRO-G40/Code/omnidash/node_modules/src/tracing.ts:27:11)
    at PgSelectBase.execute (/Volumes/PRO-G40/Code/omnidash/node_modules/src/pg-core/query-builders/select.ts:1008:17)
    at PgSelectBase.then (/Volumes/PRO-G40/Code/omnidash/node_modules/src/query-promise.ts:31:15)
    at process.processTicksAndRejections (node:internal/process/task_queues:105:5)
10:05:25 AM [express] GET /api/intelligence/patterns/list 500 in 13ms :: {"error":"Failed to fetch paâ€¦
10:05:25 AM [express] GET /api/intelligence/patterns/summary 200 in 25ms :: {"total_patterns":1062,"lâ€¦
Error calculating error rate: error: relation "agent_actions" does not exist
    at /Volumes/PRO-G40/Code/omnidash/node_modules/pg-pool/index.js:45:11
    at process.processTicksAndRejections (node:internal/process/task_queues:105:5)
    at async <anonymous> (/Volumes/PRO-G40/Code/omnidash/node_modules/src/node-postgres/session.ts:104:19)
    at async getErrorRate (/Volumes/PRO-G40/Code/omnidash/server/alert-helpers.ts:20:22)
    at async <anonymous> (/Volumes/PRO-G40/Code/omnidash/server/alert-routes.ts:88:23) {
  length: 113,
  severity: 'ERROR',
  code: '42P01',
  detail: undefined,
  hint: undefined,
  position: '125',
  internalPosition: undefined,
  internalQuery: undefined,
  where: undefined,
  schema: undefined,
  table: undefined,
  column: undefined,
  dataType: undefined,
  constraint: undefined,
  file: 'parse_relation.c',
  line: '1392',
  routine: 'parserOpenTable'
}
Error calculating manifest injection success rate: error: relation "agent_manifest_injections" does not exist
    at /Volumes/PRO-G40/Code/omnidash/node_modules/pg-pool/index.js:45:11
    at process.processTicksAndRejections (node:internal/process/task_queues:105:5)
    at async <anonymous> (/Volumes/PRO-G40/Code/omnidash/node_modules/src/node-postgres/session.ts:104:19)
    at async getManifestInjectionSuccessRate (/Volumes/PRO-G40/Code/omnidash/server/alert-helpers.ts:52:22)
    at async <anonymous> (/Volumes/PRO-G40/Code/omnidash/server/alert-routes.ts:104:34) {
  length: 125,
  severity: 'ERROR',
  code: '42P01',
  detail: undefined,
  hint: undefined,
  position: '134',
  internalPosition: undefined,
  internalQuery: undefined,
  where: undefined,
  schema: undefined,
  table: undefined,
  column: undefined,
  dataType: undefined,
  constraint: undefined,
  file: 'parse_relation.c',
  line: '1392',
  routine: 'parserOpenTable'
}
Error calculating average response time: error: relation "agent_routing_decisions" does not exist
    at /Volumes/PRO-G40/Code/omnidash/node_modules/pg-pool/index.js:45:11
    at process.processTicksAndRejections (node:internal/process/task_queues:105:5)
    at async <anonymous> (/Volumes/PRO-G40/Code/omnidash/node_modules/src/node-postgres/session.ts:104:19)
    at async getAvgResponseTime (/Volumes/PRO-G40/Code/omnidash/server/alert-helpers.ts:86:22)
    at async <anonymous> (/Volumes/PRO-G40/Code/omnidash/server/alert-routes.ts:120:29) {
  length: 122,
  severity: 'ERROR',
  code: '42P01',
  detail: undefined,
  hint: undefined,
  position: '48',
  internalPosition: undefined,
  internalQuery: undefined,
  where: undefined,
  schema: undefined,
  table: undefined,
  column: undefined,
  dataType: undefined,
  constraint: undefined,
  file: 'parse_relation.c',
  line: '1392',
  routine: 'parserOpenTable'
}
Error calculating success rate: error: relation "agent_routing_decisions" does not exist
    at /Volumes/PRO-G40/Code/omnidash/node_modules/pg-pool/index.js:45:11
    at process.processTicksAndRejections (node:internal/process/task_queues:105:5)
    at async <anonymous> (/Volumes/PRO-G40/Code/omnidash/node_modules/src/node-postgres/session.ts:104:19)
    at async getSuccessRate (/Volumes/PRO-G40/Code/omnidash/server/alert-helpers.ts:113:22)
    at async <anonymous> (/Volumes/PRO-G40/Code/omnidash/server/alert-routes.ts:130:25) {
  length: 123,
  severity: 'ERROR',
  code: '42P01',
  detail: undefined,
  hint: undefined,
  position: '130',
  internalPosition: undefined,
  internalQuery: undefined,
  where: undefined,
  schema: undefined,
  table: undefined,
  column: undefined,
  dataType: undefined,
  constraint: undefined,
  file: 'parse_relation.c',
  line: '1392',
  routine: 'parserOpenTable'
}
10:05:27 AM [express] GET /api/intelligence/alerts/active 200 in 290ms :: {"alerts":[{"level":"criticâ€¦
Error calculating error rate: error: relation "agent_actions" does not exist
    at /Volumes/PRO-G40/Code/omnidash/node_modules/pg-pool/index.js:45:11
    at process.processTicksAndRejections (node:internal/process/task_queues:105:5)
    at async <anonymous> (/Volumes/PRO-G40/Code/omnidash/node_modules/src/node-postgres/session.ts:104:19)
    at async getErrorRate (/Volumes/PRO-G40/Code/omnidash/server/alert-helpers.ts:20:22)
    at async <anonymous> (/Volumes/PRO-G40/Code/omnidash/server/alert-routes.ts:88:23) {
  length: 113,
  severity: 'ERROR',
  code: '42P01',
  detail: undefined,
  hint: undefined,
  position: '125',
  internalPosition: undefined,
  internalQuery: undefined,
  where: undefined,
  schema: undefined,
  table: undefined,
  column: undefined,
  dataType: undefined,
  constraint: undefined,
  file: 'parse_relation.c',
  line: '1392',
  routine: 'parserOpenTable'
}
Error calculating manifest injection success rate: error: relation "agent_manifest_injections" does not exist
    at /Volumes/PRO-G40/Code/omnidash/node_modules/pg-pool/index.js:45:11
    at process.processTicksAndRejections (node:internal/process/task_queues:105:5)
    at async <anonymous> (/Volumes/PRO-G40/Code/omnidash/node_modules/src/node-postgres/session.ts:104:19)
    at async getManifestInjectionSuccessRate (/Volumes/PRO-G40/Code/omnidash/server/alert-helpers.ts:52:22)
    at async <anonymous> (/Volumes/PRO-G40/Code/omnidash/server/alert-routes.ts:104:34) {
  length: 125,
  severity: 'ERROR',
  code: '42P01',
  detail: undefined,
  hint: undefined,
  position: '134',
  internalPosition: undefined,
  internalQuery: undefined,
  where: undefined,
  schema: undefined,
  table: undefined,
  column: undefined,
  dataType: undefined,
  constraint: undefined,
  file: 'parse_relation.c',
  line: '1392',
  routine: 'parserOpenTable'
}
Error calculating average response time: error: relation "agent_routing_decisions" does not exist
    at /Volumes/PRO-G40/Code/omnidash/node_modules/pg-pool/index.js:45:11
    at process.processTicksAndRejections (node:internal/process/task_queues:105:5)
    at async <anonymous> (/Volumes/PRO-G40/Code/omnidash/node_modules/src/node-postgres/session.ts:104:19)
    at async getAvgResponseTime (/Volumes/PRO-G40/Code/omnidash/server/alert-helpers.ts:86:22)
    at async <anonymous> (/Volumes/PRO-G40/Code/omnidash/server/alert-routes.ts:120:29) {
  length: 122,
  severity: 'ERROR',
  code: '42P01',
  detail: undefined,
  hint: undefined,
  position: '48',
  internalPosition: undefined,
  internalQuery: undefined,
  where: undefined,
  schema: undefined,
  table: undefined,
  column: undefined,
  dataType: undefined,
  constraint: undefined,
  file: 'parse_relation.c',
  line: '1392',
  routine: 'parserOpenTable'
}
Error calculating success rate: error: relation "agent_routing_decisions" does not exist
    at /Volumes/PRO-G40/Code/omnidash/node_modules/pg-pool/index.js:45:11
    at process.processTicksAndRejections (node:internal/process/task_queues:105:5)
    at async <anonymous> (/Volumes/PRO-G40/Code/omnidash/node_modules/src/node-postgres/session.ts:104:19)
    at async getSuccessRate (/Volumes/PRO-G40/Code/omnidash/server/alert-helpers.ts:113:22)
    at async <anonymous> (/Volumes/PRO-G40/Code/omnidash/server/alert-routes.ts:130:25) {
  length: 123,
  severity: 'ERROR',
  code: '42P01',
  detail: undefined,
  hint: undefined,
  position: '130',
  internalPosition: undefined,
  internalQuery: undefined,
  where: undefined,
  schema: undefined,
  table: undefined,
  column: undefined,
  dataType: undefined,
  constraint: undefined,
  file: 'parse_relation.c',
  line: '1392',
  routine: 'parserOpenTable'
}
10:05:47 AM [express] GET /api/intelligence/alerts/active 200 in 432ms :: {"alerts":[{"level":"criticâ€¦
10:05:51 AM [express] GET /api/intelligence/patterns/summary 200 in 92ms :: {"total_patterns":1063,"lâ€¦
10:05:51 AM [express] GET /api/intelligence/patterns/summary 200 in 28ms :: {"total_patterns":1063,"lâ€¦
Error fetching pattern list: TypeError: Cannot convert undefined or null to object
    at Function.entries (<anonymous>)
    at orderSelectedFields (/Volumes/PRO-G40/Code/omnidash/node_modules/src/utils.ts:77:16)
    at <anonymous> (/Volumes/PRO-G40/Code/omnidash/node_modules/src/utils.ts:88:19)
    at Array.reduce (<anonymous>)
    at orderSelectedFields (/Volumes/PRO-G40/Code/omnidash/node_modules/src/utils.ts:77:32)
    at <anonymous> (/Volumes/PRO-G40/Code/omnidash/node_modules/src/pg-core/query-builders/select.ts:979:23)
    at Object.startActiveSpan (/Volumes/PRO-G40/Code/omnidash/node_modules/src/tracing.ts:27:11)
    at PgSelectBase._prepare (/Volumes/PRO-G40/Code/omnidash/node_modules/src/pg-core/query-builders/select.ts:978:17)
    at <anonymous> (/Volumes/PRO-G40/Code/omnidash/node_modules/src/pg-core/query-builders/select.ts:1009:16)
    at Object.startActiveSpan (/Volumes/PRO-G40/Code/omnidash/node_modules/src/tracing.ts:27:11)
    at PgSelectBase.execute (/Volumes/PRO-G40/Code/omnidash/node_modules/src/pg-core/query-builders/select.ts:1008:17)
    at PgSelectBase.then (/Volumes/PRO-G40/Code/omnidash/node_modules/src/query-promise.ts:31:15)
    at process.processTicksAndRejections (node:internal/process/task_queues:105:5)
10:05:51 AM [express] GET /api/intelligence/patterns/list 500 in 73ms :: {"error":"Failed to fetch paâ€¦
âš  Omniarchon has no data yet - returning empty array
10:05:55 AM [express] GET /api/intelligence/patterns/quality-trends 200 in 8ms :: []
Error fetching pattern discovery: TypeError: Cannot convert undefined or null to object
    at Function.entries (<anonymous>)
    at orderSelectedFields (/Volumes/PRO-G40/Code/omnidash/node_modules/src/utils.ts:77:16)
    at <anonymous> (/Volumes/PRO-G40/Code/omnidash/node_modules/src/utils.ts:88:19)
    at Array.reduce (<anonymous>)
    at orderSelectedFields (/Volumes/PRO-G40/Code/omnidash/node_modules/src/utils.ts:77:32)
    at <anonymous> (/Volumes/PRO-G40/Code/omnidash/node_modules/src/pg-core/query-builders/select.ts:979:23)
    at Object.startActiveSpan (/Volumes/PRO-G40/Code/omnidash/node_modules/src/tracing.ts:27:11)
    at PgSelectBase._prepare (/Volumes/PRO-G40/Code/omnidash/node_modules/src/pg-core/query-builders/select.ts:978:17)
    at <anonymous> (/Volumes/PRO-G40/Code/omnidash/node_modules/src/pg-core/query-builders/select.ts:1009:16)
    at Object.startActiveSpan (/Volumes/PRO-G40/Code/omnidash/node_modules/src/tracing.ts:27:11)
    at PgSelectBase.execute (/Volumes/PRO-G40/Code/omnidash/node_modules/src/pg-core/query-builders/select.ts:1008:17)
    at PgSelectBase.then (/Volumes/PRO-G40/Code/omnidash/node_modules/src/query-promise.ts:31:15)
    at process.processTicksAndRejections (node:internal/process/task_queues:105:5)
10:05:55 AM [express] GET /api/intelligence/patterns/discovery 200 in 22ms :: [{"name":"OAuth Authentâ€¦
Error fetching pattern list: TypeError: Cannot convert undefined or null to object
    at Function.entries (<anonymous>)
    at orderSelectedFields (/Volumes/PRO-G40/Code/omnidash/node_modules/src/utils.ts:77:16)
    at <anonymous> (/Volumes/PRO-G40/Code/omnidash/node_modules/src/utils.ts:88:19)
    at Array.reduce (<anonymous>)
    at orderSelectedFields (/Volumes/PRO-G40/Code/omnidash/node_modules/src/utils.ts:77:32)
    at <anonymous> (/Volumes/PRO-G40/Code/omnidash/node_modules/src/pg-core/query-builders/select.ts:979:23)
    at Object.startActiveSpan (/Volumes/PRO-G40/Code/omnidash/node_modules/src/tracing.ts:27:11)
    at PgSelectBase._prepare (/Volumes/PRO-G40/Code/omnidash/node_modules/src/pg-core/query-builders/select.ts:978:17)
    at <anonymous> (/Volumes/PRO-G40/Code/omnidash/node_modules/src/pg-core/query-builders/select.ts:1009:16)
    at Object.startActiveSpan (/Volumes/PRO-G40/Code/omnidash/node_modules/src/tracing.ts:27:11)
    at PgSelectBase.execute (/Volumes/PRO-G40/Code/omnidash/node_modules/src/pg-core/query-builders/select.ts:1008:17)
    at PgSelectBase.then (/Volumes/PRO-G40/Code/omnidash/node_modules/src/query-promise.ts:31:15)
    at process.processTicksAndRejections (node:internal/process/task_queues:105:5)
10:05:55 AM [express] GET /api/intelligence/patterns/list 500 in 11ms :: {"error":"Failed to fetch paâ€¦
10:05:55 AM [express] GET /api/intelligence/patterns/summary 200 in 25ms :: {"total_patterns":1063,"lâ€¦
10:05:55 AM [express] GET /api/intelligence/patterns/trends 200 in 25ms :: [{"period":"2025-11-03 15:â€¦
10:05:55 AM [express] GET /api/intelligence/patterns/by-language 200 in 23ms :: [{"language":"python"â€¦
Error fetching pattern relationships: error: invalid input syntax for type uuid: "pattern-1"
    at /Volumes/PRO-G40/Code/omnidash/node_modules/pg-pool/index.js:45:11
    at process.processTicksAndRejections (node:internal/process/task_queues:105:5)
    at async <anonymous> (/Volumes/PRO-G40/Code/omnidash/node_modules/src/node-postgres/session.ts:104:19)
    at async <anonymous> (/Volumes/PRO-G40/Code/omnidash/server/intelligence-routes.ts:1152:23) {
  length: 141,
  severity: 'ERROR',
  code: '22P02',
  detail: undefined,
  hint: undefined,
  position: undefined,
  internalPosition: undefined,
  internalQuery: undefined,
  where: "unnamed portal parameter $1 = '...'",
  schema: undefined,
  table: undefined,
  column: undefined,
  dataType: undefined,
  constraint: undefined,
  file: 'uuid.c',
  line: '133',
  routine: 'string_to_uuid'
}
10:05:55 AM [express] GET /api/intelligence/patterns/relationships 500 in 28ms :: {"error":"Failed toâ€¦
Error calculating error rate: error: relation "agent_actions" does not exist
    at /Volumes/PRO-G40/Code/omnidash/node_modules/pg-pool/index.js:45:11
    at process.processTicksAndRejections (node:internal/process/task_queues:105:5)
    at async <anonymous> (/Volumes/PRO-G40/Code/omnidash/node_modules/src/node-postgres/session.ts:104:19)
    at async getErrorRate (/Volumes/PRO-G40/Code/omnidash/server/alert-helpers.ts:20:22)
    at async <anonymous> (/Volumes/PRO-G40/Code/omnidash/server/alert-routes.ts:88:23) {
  length: 113,
  severity: 'ERROR',
  code: '42P01',
  detail: undefined,
  hint: undefined,
  position: '125',
  internalPosition: undefined,
  internalQuery: undefined,
  where: undefined,
  schema: undefined,
  table: undefined,
  column: undefined,
  dataType: undefined,
  constraint: undefined,
  file: 'parse_relation.c',
  line: '1392',
  routine: 'parserOpenTable'
}
Error calculating manifest injection success rate: error: relation "agent_manifest_injections" does not exist
    at /Volumes/PRO-G40/Code/omnidash/node_modules/pg-pool/index.js:45:11
    at process.processTicksAndRejections (node:internal/process/task_queues:105:5)
    at async <anonymous> (/Volumes/PRO-G40/Code/omnidash/node_modules/src/node-postgres/session.ts:104:19)
    at async getManifestInjectionSuccessRate (/Volumes/PRO-G40/Code/omnidash/server/alert-helpers.ts:52:22)
    at async <anonymous> (/Volumes/PRO-G40/Code/omnidash/server/alert-routes.ts:104:34) {
  length: 125,
  severity: 'ERROR',
  code: '42P01',
  detail: undefined,
  hint: undefined,
  position: '134',
  internalPosition: undefined,
  internalQuery: undefined,
  where: undefined,
  schema: undefined,
  table: undefined,
  column: undefined,
  dataType: undefined,
  constraint: undefined,
  file: 'parse_relation.c',
  line: '1392',
  routine: 'parserOpenTable'
}
Error calculating average response time: error: relation "agent_routing_decisions" does not exist
    at /Volumes/PRO-G40/Code/omnidash/node_modules/pg-pool/index.js:45:11
    at process.processTicksAndRejections (node:internal/process/task_queues:105:5)
    at async <anonymous> (/Volumes/PRO-G40/Code/omnidash/node_modules/src/node-postgres/session.ts:104:19)
    at async getAvgResponseTime (/Volumes/PRO-G40/Code/omnidash/server/alert-helpers.ts:86:22)
    at async <anonymous> (/Volumes/PRO-G40/Code/omnidash/server/alert-routes.ts:120:29) {
  length: 122,
  severity: 'ERROR',
  code: '42P01',
  detail: undefined,
  hint: undefined,
  position: '48',
  internalPosition: undefined,
  internalQuery: undefined,
  where: undefined,
  schema: undefined,
  table: undefined,
  column: undefined,
  dataType: undefined,
  constraint: undefined,
  file: 'parse_relation.c',
  line: '1392',
  routine: 'parserOpenTable'
}
Error calculating success rate: error: relation "agent_routing_decisions" does not exist
    at /Volumes/PRO-G40/Code/omnidash/node_modules/pg-pool/index.js:45:11
    at process.processTicksAndRejections (node:internal/process/task_queues:105:5)
    at async <anonymous> (/Volumes/PRO-G40/Code/omnidash/node_modules/src/node-postgres/session.ts:104:19)
    at async getSuccessRate (/Volumes/PRO-G40/Code/omnidash/server/alert-helpers.ts:113:22)
    at async <anonymous> (/Volumes/PRO-G40/Code/omnidash/server/alert-routes.ts:130:25) {
  length: 123,
  severity: 'ERROR',
  code: '42P01',
  detail: undefined,
  hint: undefined,
  position: '130',
  internalPosition: undefined,
  internalQuery: undefined,
  where: undefined,
  schema: undefined,
  table: undefined,
  column: undefined,
  dataType: undefined,
  constraint: undefined,
  file: 'parse_relation.c',
  line: '1392',
  routine: 'parserOpenTable'
}
10:05:57 AM [express] GET /api/intelligence/alerts/active 200 in 377ms :: {"alerts":[{"level":"criticâ€¦
10:06:08 AM [express] GET /api/intelligence/code/compliance 200 in 77ms :: {"summary":{"totalFiles":0â€¦
Error calculating error rate: error: relation "agent_actions" does not exist
    at /Volumes/PRO-G40/Code/omnidash/node_modules/pg-pool/index.js:45:11
    at process.processTicksAndRejections (node:internal/process/task_queues:105:5)
    at async <anonymous> (/Volumes/PRO-G40/Code/omnidash/node_modules/src/node-postgres/session.ts:104:19)
    at async getErrorRate (/Volumes/PRO-G40/Code/omnidash/server/alert-helpers.ts:20:22)
    at async <anonymous> (/Volumes/PRO-G40/Code/omnidash/server/alert-routes.ts:88:23) {
  length: 113,
  severity: 'ERROR',
  code: '42P01',
  detail: undefined,
  hint: undefined,
  position: '125',
  internalPosition: undefined,
  internalQuery: undefined,
  where: undefined,
  schema: undefined,
  table: undefined,
  column: undefined,
  dataType: undefined,
  constraint: undefined,
  file: 'parse_relation.c',
  line: '1392',
  routine: 'parserOpenTable'
}
Error calculating manifest injection success rate: error: relation "agent_manifest_injections" does not exist
    at /Volumes/PRO-G40/Code/omnidash/node_modules/pg-pool/index.js:45:11
    at process.processTicksAndRejections (node:internal/process/task_queues:105:5)
    at async <anonymous> (/Volumes/PRO-G40/Code/omnidash/node_modules/src/node-postgres/session.ts:104:19)
    at async getManifestInjectionSuccessRate (/Volumes/PRO-G40/Code/omnidash/server/alert-helpers.ts:52:22)
    at async <anonymous> (/Volumes/PRO-G40/Code/omnidash/server/alert-routes.ts:104:34) {
  length: 125,
  severity: 'ERROR',
  code: '42P01',
  detail: undefined,
  hint: undefined,
  position: '134',
  internalPosition: undefined,
  internalQuery: undefined,
  where: undefined,
  schema: undefined,
  table: undefined,
  column: undefined,
  dataType: undefined,
  constraint: undefined,
  file: 'parse_relation.c',
  line: '1392',
  routine: 'parserOpenTable'
}
10:06:17 AM [express] GET /api/intelligence/analysis/patterns 200 in 52ms :: {"patterns":[],"meta":{"â€¦
Error calculating average response time: error: relation "agent_routing_decisions" does not exist
    at /Volumes/PRO-G40/Code/omnidash/node_modules/pg-pool/index.js:45:11
    at process.processTicksAndRejections (node:internal/process/task_queues:105:5)
    at async <anonymous> (/Volumes/PRO-G40/Code/omnidash/node_modules/src/node-postgres/session.ts:104:19)
    at async getAvgResponseTime (/Volumes/PRO-G40/Code/omnidash/server/alert-helpers.ts:86:22)
    at async <anonymous> (/Volumes/PRO-G40/Code/omnidash/server/alert-routes.ts:120:29) {
  length: 122,
  severity: 'ERROR',
  code: '42P01',
  detail: undefined,
  hint: undefined,
  position: '48',
  internalPosition: undefined,
  internalQuery: undefined,
  where: undefined,
  schema: undefined,
  table: undefined,
  column: undefined,
  dataType: undefined,
  constraint: undefined,
  file: 'parse_relation.c',
  line: '1392',
  routine: 'parserOpenTable'
}
Error calculating success rate: error: relation "agent_routing_decisions" does not exist
    at /Volumes/PRO-G40/Code/omnidash/node_modules/pg-pool/index.js:45:11
    at process.processTicksAndRejections (node:internal/process/task_queues:105:5)
    at async <anonymous> (/Volumes/PRO-G40/Code/omnidash/node_modules/src/node-postgres/session.ts:104:19)
    at async getSuccessRate (/Volumes/PRO-G40/Code/omnidash/server/alert-helpers.ts:113:22)
    at async <anonymous> (/Volumes/PRO-G40/Code/omnidash/server/alert-routes.ts:130:25) {
  length: 123,
  severity: 'ERROR',
  code: '42P01',
  detail: undefined,
  hint: undefined,
  position: '130',
  internalPosition: undefined,
  internalQuery: undefined,
  where: undefined,
  schema: undefined,
  table: undefined,
  column: undefined,
  dataType: undefined,
  constraint: undefined,
  file: 'parse_relation.c',
  line: '1392',
  routine: 'parserOpenTable'
}
10:06:17 AM [express] GET /api/intelligence/alerts/active 200 in 429ms :: {"alerts":[{"level":"criticâ€¦
10:06:20 AM [express] GET /api/intelligence/patterns/by-language 200 in 94ms :: [{"language":"python"â€¦
10:06:20 AM [express] GET /api/intelligence/patterns/trends 200 in 88ms :: [{"period":"2025-11-03 15:â€¦
âš  Omniarchon has no data yet - returning empty array
10:06:21 AM [express] GET /api/intelligence/patterns/quality-trends 200 in 4ms :: []
Error fetching pattern list: TypeError: Cannot convert undefined or null to object
    at Function.entries (<anonymous>)
    at orderSelectedFields (/Volumes/PRO-G40/Code/omnidash/node_modules/src/utils.ts:77:16)
    at <anonymous> (/Volumes/PRO-G40/Code/omnidash/node_modules/src/utils.ts:88:19)
    at Array.reduce (<anonymous>)
    at orderSelectedFields (/Volumes/PRO-G40/Code/omnidash/node_modules/src/utils.ts:77:32)
    at <anonymous> (/Volumes/PRO-G40/Code/omnidash/node_modules/src/pg-core/query-builders/select.ts:979:23)
    at Object.startActiveSpan (/Volumes/PRO-G40/Code/omnidash/node_modules/src/tracing.ts:27:11)
    at PgSelectBase._prepare (/Volumes/PRO-G40/Code/omnidash/node_modules/src/pg-core/query-builders/select.ts:978:17)
    at <anonymous> (/Volumes/PRO-G40/Code/omnidash/node_modules/src/pg-core/query-builders/select.ts:1009:16)
    at Object.startActiveSpan (/Volumes/PRO-G40/Code/omnidash/node_modules/src/tracing.ts:27:11)
    at PgSelectBase.execute (/Volumes/PRO-G40/Code/omnidash/node_modules/src/pg-core/query-builders/select.ts:1008:17)
    at PgSelectBase.then (/Volumes/PRO-G40/Code/omnidash/node_modules/src/query-promise.ts:31:15)
    at process.processTicksAndRejections (node:internal/process/task_queues:105:5)
10:06:21 AM [express] GET /api/intelligence/patterns/list 500 in 16ms :: {"error":"Failed to fetch paâ€¦
10:06:21 AM [express] GET /api/intelligence/patterns/summary 200 in 26ms :: {"total_patterns":1063,"lâ€¦
[EventConsumer] Received event from topic: agent-routing-decisions
[EventConsumer] Processing routing decision for agent: polymorphic-agent
[EventConsumer] Updated metrics for polymorphic-agent: 1 requests, avg confidence 0.00
[EventConsumer] Received event from topic: agent-actions
[EventConsumer] Processing action: decision from polymorphic-agent
[EventConsumer] Added action to queue: agent_selected (polymorphic-agent), queue size: 2
Error fetching pattern list: TypeError: Cannot convert undefined or null to object
    at Function.entries (<anonymous>)
    at orderSelectedFields (/Volumes/PRO-G40/Code/omnidash/node_modules/src/utils.ts:77:16)
    at <anonymous> (/Volumes/PRO-G40/Code/omnidash/node_modules/src/utils.ts:88:19)
    at Array.reduce (<anonymous>)
    at orderSelectedFields (/Volumes/PRO-G40/Code/omnidash/node_modules/src/utils.ts:77:32)
    at <anonymous> (/Volumes/PRO-G40/Code/omnidash/node_modules/src/pg-core/query-builders/select.ts:979:23)
    at Object.startActiveSpan (/Volumes/PRO-G40/Code/omnidash/node_modules/src/tracing.ts:27:11)
    at PgSelectBase._prepare (/Volumes/PRO-G40/Code/omnidash/node_modules/src/pg-core/query-builders/select.ts:978:17)
    at <anonymous> (/Volumes/PRO-G40/Code/omnidash/node_modules/src/pg-core/query-builders/select.ts:1009:16)
    at Object.startActiveSpan (/Volumes/PRO-G40/Code/omnidash/node_modules/src/tracing.ts:27:11)
    at PgSelectBase.execute (/Volumes/PRO-G40/Code/omnidash/node_modules/src/pg-core/query-builders/select.ts:1008:17)
    at PgSelectBase.then (/Volumes/PRO-G40/Code/omnidash/node_modules/src/query-promise.ts:31:15)
    at process.processTicksAndRejections (node:internal/process/task_queues:105:5)
10:06:25 AM [express] GET /api/intelligence/patterns/list 500 in 13ms :: {"error":"Failed to fetch paâ€¦
10:06:25 AM [express] GET /api/intelligence/patterns/summary 200 in 27ms :: {"total_patterns":1063,"lâ€¦
Error calculating error rate: error: relation "agent_actions" does not exist
    at /Volumes/PRO-G40/Code/omnidash/node_modules/pg-pool/index.js:45:11
    at process.processTicksAndRejections (node:internal/process/task_queues:105:5)
    at async <anonymous> (/Volumes/PRO-G40/Code/omnidash/node_modules/src/node-postgres/session.ts:104:19)
    at async getErrorRate (/Volumes/PRO-G40/Code/omnidash/server/alert-helpers.ts:20:22)
    at async <anonymous> (/Volumes/PRO-G40/Code/omnidash/server/alert-routes.ts:88:23) {
  length: 113,
  severity: 'ERROR',
  code: '42P01',
  detail: undefined,
  hint: undefined,
  position: '125',
  internalPosition: undefined,
  internalQuery: undefined,
  where: undefined,
  schema: undefined,
  table: undefined,
  column: undefined,
  dataType: undefined,
  constraint: undefined,
  file: 'parse_relation.c',
  line: '1392',
  routine: 'parserOpenTable'
}
Error calculating manifest injection success rate: error: relation "agent_manifest_injections" does not exist
    at /Volumes/PRO-G40/Code/omnidash/node_modules/pg-pool/index.js:45:11
    at process.processTicksAndRejections (node:internal/process/task_queues:105:5)
    at async <anonymous> (/Volumes/PRO-G40/Code/omnidash/node_modules/src/node-postgres/session.ts:104:19)
    at async getManifestInjectionSuccessRate (/Volumes/PRO-G40/Code/omnidash/server/alert-helpers.ts:52:22)
    at async <anonymous> (/Volumes/PRO-G40/Code/omnidash/server/alert-routes.ts:104:34) {
  length: 125,
  severity: 'ERROR',
  code: '42P01',
  detail: undefined,
  hint: undefined,
  position: '134',
  internalPosition: undefined,
  internalQuery: undefined,
  where: undefined,
  schema: undefined,
  table: undefined,
  column: undefined,
  dataType: undefined,
  constraint: undefined,
  file: 'parse_relation.c',
  line: '1392',
  routine: 'parserOpenTable'
}
Error calculating average response time: error: relation "agent_routing_decisions" does not exist
    at /Volumes/PRO-G40/Code/omnidash/node_modules/pg-pool/index.js:45:11
    at process.processTicksAndRejections (node:internal/process/task_queues:105:5)
    at async <anonymous> (/Volumes/PRO-G40/Code/omnidash/node_modules/src/node-postgres/session.ts:104:19)
    at async getAvgResponseTime (/Volumes/PRO-G40/Code/omnidash/server/alert-helpers.ts:86:22)
    at async <anonymous> (/Volumes/PRO-G40/Code/omnidash/server/alert-routes.ts:120:29) {
  length: 122,
  severity: 'ERROR',
  code: '42P01',
  detail: undefined,
  hint: undefined,
  position: '48',
  internalPosition: undefined,
  internalQuery: undefined,
  where: undefined,
  schema: undefined,
  table: undefined,
  column: undefined,
  dataType: undefined,
  constraint: undefined,
  file: 'parse_relation.c',
  line: '1392',
  routine: 'parserOpenTable'
}
Error calculating success rate: error: relation "agent_routing_decisions" does not exist
    at /Volumes/PRO-G40/Code/omnidash/node_modules/pg-pool/index.js:45:11
    at process.processTicksAndRejections (node:internal/process/task_queues:105:5)
    at async <anonymous> (/Volumes/PRO-G40/Code/omnidash/node_modules/src/node-postgres/session.ts:104:19)
    at async getSuccessRate (/Volumes/PRO-G40/Code/omnidash/server/alert-helpers.ts:113:22)
    at async <anonymous> (/Volumes/PRO-G40/Code/omnidash/server/alert-routes.ts:130:25) {
  length: 123,
  severity: 'ERROR',
  code: '42P01',
  detail: undefined,
  hint: undefined,
  position: '130',
  internalPosition: undefined,
  internalQuery: undefined,
  where: undefined,
  schema: undefined,
  table: undefined,
  column: undefined,
  dataType: undefined,
  constraint: undefined,
  file: 'parse_relation.c',
  line: '1392',
  routine: 'parserOpenTable'
}
10:06:27 AM [express] GET /api/intelligence/alerts/active 200 in 298ms :: {"alerts":[{"level":"criticâ€¦
